{"C:\\Data\\typescript-template\\template\\components\\Card.vue": {"path":"C:\\Data\\typescript-template\\template\\components\\Card.vue","statementMap":{"0":{"start":{"line":40,"column":0},"end":{"line":40,"column":null}},"1":{"start":{"line":47,"column":0},"end":{"line":47,"column":null}},"2":{"start":{"line":52,"column":0},"end":{"line":52,"column":null}},"3":{"start":{"line":48,"column":0},"end":{"line":48,"column":null}},"4":{"start":{"line":49,"column":0},"end":{"line":49,"column":null}}},"fnMap":{"0":{"name":"(anonymous_1)","decl":{"start":{"line":51,"column":0},"end":{"line":51,"column":null}},"loc":{"start":{"line":51,"column":0},"end":{"line":53,"column":null}}}},"branchMap":{},"s":{"0":0,"1":0,"2":0,"3":0,"4":0},"f":{"0":0},"b":{}}
,"C:\\Data\\typescript-template\\template\\components\\FooterCard.vue": {"path":"C:\\Data\\typescript-template\\template\\components\\FooterCard.vue","statementMap":{"0":{"start":{"line":29,"column":0},"end":{"line":29,"column":null}},"1":{"start":{"line":52,"column":0},"end":{"line":52,"column":null}},"2":{"start":{"line":53,"column":0},"end":{"line":71,"column":null}},"3":{"start":{"line":84,"column":0},"end":{"line":84,"column":null}},"4":{"start":{"line":52,"column":0},"end":{"line":47,"column":null}}},"fnMap":{"0":{"name":"(anonymous_1)","decl":{"start":{"line":52,"column":0},"end":{"line":52,"column":null}},"loc":{"start":{"line":52,"column":0},"end":{"line":86,"column":null}}},"1":{"name":"(anonymous_2)","decl":{"start":{"line":83,"column":0},"end":{"line":83,"column":null}},"loc":{"start":{"line":83,"column":0},"end":{"line":85,"column":null}}}},"branchMap":{"0":{"loc":{"start":{"line":84,"column":0},"end":{"line":84,"column":null}},"type":"if","locations":[{"start":{"line":84,"column":0},"end":{"line":84,"column":null}},{"start":{"line":84,"column":0},"end":{"line":84,"column":null}}]}},"s":{"0":0,"1":0,"2":0,"3":0,"4":0},"f":{"0":0,"1":0},"b":{"0":[0,0]}}
,"C:\\Data\\typescript-template\\template\\components\\NotesCard.vue": {"path":"C:\\Data\\typescript-template\\template\\components\\NotesCard.vue","statementMap":{"0":{"start":{"line":168,"column":0},"end":{"line":168,"column":null}},"1":{"start":{"line":169,"column":0},"end":{"line":169,"column":null}},"2":{"start":{"line":170,"column":0},"end":{"line":170,"column":null}},"3":{"start":{"line":171,"column":0},"end":{"line":171,"column":null}},"4":{"start":{"line":183,"column":0},"end":{"line":183,"column":null}},"5":{"start":{"line":203,"column":0},"end":{"line":203,"column":null}},"6":{"start":{"line":207,"column":0},"end":{"line":207,"column":null}},"7":{"start":{"line":211,"column":0},"end":{"line":211,"column":null}},"8":{"start":{"line":189,"column":0},"end":{"line":189,"column":null}},"9":{"start":{"line":192,"column":0},"end":{"line":192,"column":null}},"10":{"start":{"line":193,"column":0},"end":{"line":193,"column":null}},"11":{"start":{"line":197,"column":0},"end":{"line":197,"column":null}},"12":{"start":{"line":198,"column":0},"end":{"line":198,"column":null}},"13":{"start":{"line":199,"column":0},"end":{"line":199,"column":null}},"14":{"start":{"line":200,"column":0},"end":{"line":200,"column":null}},"15":{"start":{"line":209,"column":0},"end":{"line":209,"column":null}},"16":{"start":{"line":184,"column":0},"end":{"line":184,"column":null}},"17":{"start":{"line":185,"column":0},"end":{"line":185,"column":null}},"18":{"start":{"line":186,"column":0},"end":{"line":186,"column":null}},"19":{"start":{"line":183,"column":0},"end":{"line":173,"column":null}},"20":{"start":{"line":176,"column":0},"end":{"line":180,"column":null}},"21":{"start":{"line":177,"column":0},"end":{"line":177,"column":null}},"22":{"start":{"line":178,"column":0},"end":{"line":178,"column":null}},"23":{"start":{"line":179,"column":0},"end":{"line":179,"column":null}}},"fnMap":{"0":{"name":"(anonymous_1)","decl":{"start":{"line":183,"column":0},"end":{"line":183,"column":null}},"loc":{"start":{"line":183,"column":0},"end":{"line":213,"column":null}}},"1":{"name":"(anonymous_2)","decl":{"start":{"line":188,"column":0},"end":{"line":188,"column":null}},"loc":{"start":{"line":188,"column":0},"end":{"line":190,"column":null}}},"2":{"name":"(anonymous_3)","decl":{"start":{"line":191,"column":0},"end":{"line":191,"column":null}},"loc":{"start":{"line":191,"column":0},"end":{"line":194,"column":null}}},"3":{"name":"(anonymous_4)","decl":{"start":{"line":196,"column":0},"end":{"line":196,"column":null}},"loc":{"start":{"line":196,"column":0},"end":{"line":202,"column":null}}},"4":{"name":"(anonymous_5)","decl":{"start":{"line":208,"column":0},"end":{"line":208,"column":null}},"loc":{"start":{"line":208,"column":0},"end":{"line":210,"column":null}}},"5":{"name":"(anonymous_6)","decl":{"start":{"line":175,"column":0},"end":{"line":175,"column":null}},"loc":{"start":{"line":175,"column":0},"end":{"line":181,"column":null}}}},"branchMap":{"0":{"loc":{"start":{"line":192,"column":0},"end":{"line":192,"column":null}},"type":"if","locations":[{"start":{"line":192,"column":0},"end":{"line":192,"column":null}},{"start":{"line":192,"column":0},"end":{"line":192,"column":null}}]},"1":{"loc":{"start":{"line":197,"column":0},"end":{"line":197,"column":null}},"type":"if","locations":[{"start":{"line":197,"column":0},"end":{"line":197,"column":null}},{"start":{"line":197,"column":0},"end":{"line":197,"column":null}}]},"2":{"loc":{"start":{"line":209,"column":0},"end":{"line":209,"column":null}},"type":"if","locations":[{"start":{"line":209,"column":0},"end":{"line":209,"column":null}},{"start":{"line":209,"column":0},"end":{"line":209,"column":null}}]},"3":{"loc":{"start":{"line":176,"column":0},"end":{"line":180,"column":null}},"type":"if","locations":[{"start":{"line":176,"column":0},"end":{"line":180,"column":null}},{"start":{"line":176,"column":0},"end":{"line":180,"column":null}}]},"4":{"loc":{"start":{"line":176,"column":0},"end":{"line":176,"column":null}},"type":"binary-expr","locations":[{"start":{"line":176,"column":0},"end":{"line":176,"column":null}},{"start":{"line":176,"column":0},"end":{"line":176,"column":null}}]}},"s":{"0":0,"1":0,"2":0,"3":0,"4":0,"5":0,"6":0,"7":0,"8":0,"9":0,"10":0,"11":0,"12":0,"13":0,"14":0,"15":0,"16":0,"17":0,"18":0,"19":0,"20":0,"21":0,"22":0,"23":0},"f":{"0":0,"1":0,"2":0,"3":0,"4":0,"5":0},"b":{"0":[0,0],"1":[0,0],"2":[0,0],"3":[0,0],"4":[0,0]}}
,"C:\\Data\\typescript-template\\template\\components\\NotesSidebar.vue": {"path":"C:\\Data\\typescript-template\\template\\components\\NotesSidebar.vue","statementMap":{"0":{"start":{"line":196,"column":0},"end":{"line":196,"column":null}},"1":{"start":{"line":197,"column":0},"end":{"line":197,"column":null}},"2":{"start":{"line":198,"column":0},"end":{"line":198,"column":null}},"3":{"start":{"line":211,"column":0},"end":{"line":211,"column":null}},"4":{"start":{"line":214,"column":0},"end":{"line":214,"column":null}},"5":{"start":{"line":215,"column":0},"end":{"line":217,"column":null}},"6":{"start":{"line":226,"column":0},"end":{"line":226,"column":null}},"7":{"start":{"line":227,"column":0},"end":{"line":227,"column":null}},"8":{"start":{"line":228,"column":0},"end":{"line":228,"column":null}},"9":{"start":{"line":229,"column":0},"end":{"line":229,"column":null}},"10":{"start":{"line":230,"column":0},"end":{"line":230,"column":null}},"11":{"start":{"line":231,"column":0},"end":{"line":231,"column":null}},"12":{"start":{"line":263,"column":0},"end":{"line":263,"column":null}},"13":{"start":{"line":264,"column":0},"end":{"line":264,"column":null}},"14":{"start":{"line":267,"column":0},"end":{"line":267,"column":null}},"15":{"start":{"line":270,"column":0},"end":{"line":270,"column":null}},"16":{"start":{"line":271,"column":0},"end":{"line":271,"column":null}},"17":{"start":{"line":285,"column":0},"end":{"line":285,"column":null}},"18":{"start":{"line":286,"column":0},"end":{"line":286,"column":null}},"19":{"start":{"line":287,"column":0},"end":{"line":287,"column":null}},"20":{"start":{"line":235,"column":0},"end":{"line":235,"column":null}},"21":{"start":{"line":236,"column":0},"end":{"line":249,"column":null}},"22":{"start":{"line":238,"column":0},"end":{"line":238,"column":null}},"23":{"start":{"line":239,"column":0},"end":{"line":244,"column":null}},"24":{"start":{"line":241,"column":0},"end":{"line":241,"column":null}},"25":{"start":{"line":242,"column":0},"end":{"line":242,"column":null}},"26":{"start":{"line":243,"column":0},"end":{"line":243,"column":null}},"27":{"start":{"line":248,"column":0},"end":{"line":248,"column":null}},"28":{"start":{"line":250,"column":0},"end":{"line":250,"column":null}},"29":{"start":{"line":255,"column":0},"end":{"line":255,"column":null}},"30":{"start":{"line":261,"column":0},"end":{"line":261,"column":null}},"31":{"start":{"line":274,"column":0},"end":{"line":274,"column":null}},"32":{"start":{"line":275,"column":0},"end":{"line":282,"column":null}},"33":{"start":{"line":276,"column":0},"end":{"line":276,"column":null}},"34":{"start":{"line":277,"column":0},"end":{"line":277,"column":null}},"35":{"start":{"line":278,"column":0},"end":{"line":278,"column":null}},"36":{"start":{"line":280,"column":0},"end":{"line":280,"column":null}},"37":{"start":{"line":281,"column":0},"end":{"line":281,"column":null}},"38":{"start":{"line":290,"column":0},"end":{"line":293,"column":null}},"39":{"start":{"line":292,"column":0},"end":{"line":292,"column":null}},"40":{"start":{"line":294,"column":0},"end":{"line":294,"column":null}},"41":{"start":{"line":295,"column":0},"end":{"line":295,"column":null}},"42":{"start":{"line":298,"column":0},"end":{"line":298,"column":null}},"43":{"start":{"line":302,"column":0},"end":{"line":302,"column":null}},"44":{"start":{"line":305,"column":0},"end":{"line":305,"column":null}},"45":{"start":{"line":309,"column":0},"end":{"line":309,"column":null}},"46":{"start":{"line":313,"column":0},"end":{"line":313,"column":null}},"47":{"start":{"line":317,"column":0},"end":{"line":317,"column":null}},"48":{"start":{"line":321,"column":0},"end":{"line":321,"column":null}},"49":{"start":{"line":325,"column":0},"end":{"line":325,"column":null}},"50":{"start":{"line":326,"column":0},"end":{"line":326,"column":null}},"51":{"start":{"line":332,"column":0},"end":{"line":332,"column":null}},"52":{"start":{"line":333,"column":0},"end":{"line":333,"column":null}},"53":{"start":{"line":337,"column":0},"end":{"line":337,"column":null}},"54":{"start":{"line":341,"column":0},"end":{"line":341,"column":null}}},"fnMap":{"0":{"name":"(anonymous_1)","decl":{"start":{"line":214,"column":0},"end":{"line":214,"column":null}},"loc":{"start":{"line":214,"column":0},"end":{"line":214,"column":null}}},"1":{"name":"(anonymous_2)","decl":{"start":{"line":226,"column":0},"end":{"line":226,"column":null}},"loc":{"start":{"line":226,"column":0},"end":{"line":343,"column":null}}},"2":{"name":"(anonymous_3)","decl":{"start":{"line":267,"column":0},"end":{"line":267,"column":null}},"loc":{"start":{"line":267,"column":0},"end":{"line":267,"column":null}}},"3":{"name":"(anonymous_5)","decl":{"start":{"line":233,"column":0},"end":{"line":233,"column":null}},"loc":{"start":{"line":233,"column":0},"end":{"line":251,"column":null}}},"4":{"name":"(anonymous_6)","decl":{"start":{"line":248,"column":0},"end":{"line":248,"column":null}},"loc":{"start":{"line":248,"column":0},"end":{"line":248,"column":null}}},"5":{"name":"(anonymous_7)","decl":{"start":{"line":253,"column":0},"end":{"line":253,"column":null}},"loc":{"start":{"line":253,"column":0},"end":{"line":256,"column":null}}},"6":{"name":"(anonymous_8)","decl":{"start":{"line":255,"column":0},"end":{"line":255,"column":null}},"loc":{"start":{"line":255,"column":0},"end":{"line":255,"column":null}}},"7":{"name":"(anonymous_9)","decl":{"start":{"line":260,"column":0},"end":{"line":260,"column":null}},"loc":{"start":{"line":260,"column":0},"end":{"line":262,"column":null}}},"8":{"name":"(anonymous_10)","decl":{"start":{"line":273,"column":0},"end":{"line":273,"column":null}},"loc":{"start":{"line":273,"column":0},"end":{"line":283,"column":null}}},"9":{"name":"(anonymous_11)","decl":{"start":{"line":276,"column":0},"end":{"line":276,"column":null}},"loc":{"start":{"line":276,"column":0},"end":{"line":276,"column":null}}},"10":{"name":"(anonymous_12)","decl":{"start":{"line":289,"column":0},"end":{"line":289,"column":null}},"loc":{"start":{"line":289,"column":0},"end":{"line":296,"column":null}}},"11":{"name":"(anonymous_13)","decl":{"start":{"line":297,"column":0},"end":{"line":297,"column":null}},"loc":{"start":{"line":297,"column":0},"end":{"line":299,"column":null}}},"12":{"name":"(anonymous_14)","decl":{"start":{"line":301,"column":0},"end":{"line":301,"column":null}},"loc":{"start":{"line":301,"column":0},"end":{"line":303,"column":null}}},"13":{"name":"(anonymous_15)","decl":{"start":{"line":304,"column":0},"end":{"line":304,"column":null}},"loc":{"start":{"line":304,"column":0},"end":{"line":306,"column":null}}},"14":{"name":"(anonymous_16)","decl":{"start":{"line":308,"column":0},"end":{"line":308,"column":null}},"loc":{"start":{"line":308,"column":0},"end":{"line":310,"column":null}}},"15":{"name":"(anonymous_17)","decl":{"start":{"line":312,"column":0},"end":{"line":312,"column":null}},"loc":{"start":{"line":312,"column":0},"end":{"line":314,"column":null}}},"16":{"name":"(anonymous_18)","decl":{"start":{"line":316,"column":0},"end":{"line":316,"column":null}},"loc":{"start":{"line":316,"column":0},"end":{"line":318,"column":null}}},"17":{"name":"(anonymous_19)","decl":{"start":{"line":320,"column":0},"end":{"line":320,"column":null}},"loc":{"start":{"line":320,"column":0},"end":{"line":322,"column":null}}},"18":{"name":"(anonymous_20)","decl":{"start":{"line":324,"column":0},"end":{"line":324,"column":null}},"loc":{"start":{"line":324,"column":0},"end":{"line":334,"column":null}}},"19":{"name":"(anonymous_21)","decl":{"start":{"line":336,"column":0},"end":{"line":336,"column":null}},"loc":{"start":{"line":336,"column":0},"end":{"line":338,"column":null}}},"20":{"name":"(anonymous_22)","decl":{"start":{"line":340,"column":0},"end":{"line":340,"column":null}},"loc":{"start":{"line":340,"column":0},"end":{"line":342,"column":null}}}},"branchMap":{"0":{"loc":{"start":{"line":233,"column":0},"end":{"line":233,"column":null}},"type":"default-arg","locations":[{"start":{"line":233,"column":0},"end":{"line":233,"column":null}}]},"1":{"loc":{"start":{"line":236,"column":0},"end":{"line":249,"column":null}},"type":"if","locations":[{"start":{"line":236,"column":0},"end":{"line":249,"column":null}},{"start":{"line":236,"column":0},"end":{"line":249,"column":null}}]},"2":{"loc":{"start":{"line":236,"column":0},"end":{"line":236,"column":null}},"type":"binary-expr","locations":[{"start":{"line":236,"column":0},"end":{"line":236,"column":null}},{"start":{"line":236,"column":0},"end":{"line":236,"column":null}}]},"3":{"loc":{"start":{"line":239,"column":0},"end":{"line":244,"column":null}},"type":"if","locations":[{"start":{"line":239,"column":0},"end":{"line":244,"column":null}},{"start":{"line":239,"column":0},"end":{"line":244,"column":null}}]},"4":{"loc":{"start":{"line":250,"column":0},"end":{"line":250,"column":null}},"type":"if","locations":[{"start":{"line":250,"column":0},"end":{"line":250,"column":null}},{"start":{"line":250,"column":0},"end":{"line":250,"column":null}}]},"5":{"loc":{"start":{"line":275,"column":0},"end":{"line":282,"column":null}},"type":"if","locations":[{"start":{"line":275,"column":0},"end":{"line":282,"column":null}},{"start":{"line":275,"column":0},"end":{"line":282,"column":null}}]},"6":{"loc":{"start":{"line":290,"column":0},"end":{"line":293,"column":null}},"type":"if","locations":[{"start":{"line":290,"column":0},"end":{"line":293,"column":null}},{"start":{"line":290,"column":0},"end":{"line":293,"column":null}}]},"7":{"loc":{"start":{"line":309,"column":0},"end":{"line":309,"column":null}},"type":"if","locations":[{"start":{"line":309,"column":0},"end":{"line":309,"column":null}},{"start":{"line":309,"column":0},"end":{"line":309,"column":null}}]},"8":{"loc":{"start":{"line":337,"column":0},"end":{"line":337,"column":null}},"type":"binary-expr","locations":[{"start":{"line":337,"column":0},"end":{"line":337,"column":null}},{"start":{"line":337,"column":0},"end":{"line":337,"column":null}}]}},"s":{"0":0,"1":0,"2":0,"3":0,"4":0,"5":0,"6":0,"7":0,"8":0,"9":0,"10":0,"11":0,"12":0,"13":0,"14":0,"15":0,"16":0,"17":0,"18":0,"19":0,"20":0,"21":0,"22":0,"23":0,"24":0,"25":0,"26":0,"27":0,"28":0,"29":0,"30":0,"31":0,"32":0,"33":0,"34":0,"35":0,"36":0,"37":0,"38":0,"39":0,"40":0,"41":0,"42":0,"43":0,"44":0,"45":0,"46":0,"47":0,"48":0,"49":0,"50":0,"51":0,"52":0,"53":0,"54":0},"f":{"0":0,"1":0,"2":0,"3":0,"4":0,"5":0,"6":0,"7":0,"8":0,"9":0,"10":0,"11":0,"12":0,"13":0,"14":0,"15":0,"16":0,"17":0,"18":0,"19":0,"20":0},"b":{"0":[0],"1":[0,0],"2":[0,0],"3":[0,0],"4":[0,0],"5":[0,0],"6":[0,0],"7":[0,0],"8":[0,0]}}
,"C:\\Data\\typescript-template\\template\\components\\Sidebar.vue": {"path":"C:\\Data\\typescript-template\\template\\components\\Sidebar.vue","statementMap":{"0":{"start":{"line":77,"column":0},"end":{"line":77,"column":null}},"1":{"start":{"line":79,"column":0},"end":{"line":79,"column":null}},"2":{"start":{"line":80,"column":0},"end":{"line":80,"column":null}},"3":{"start":{"line":83,"column":0},"end":{"line":83,"column":null}},"4":{"start":{"line":91,"column":0},"end":{"line":104,"column":null}},"5":{"start":{"line":112,"column":0},"end":{"line":118,"column":null}},"6":{"start":{"line":141,"column":0},"end":{"line":141,"column":null}},"7":{"start":{"line":85,"column":0},"end":{"line":85,"column":null}},"8":{"start":{"line":88,"column":0},"end":{"line":88,"column":null}},"9":{"start":{"line":126,"column":0},"end":{"line":126,"column":null}},"10":{"start":{"line":129,"column":0},"end":{"line":129,"column":null}},"11":{"start":{"line":132,"column":0},"end":{"line":132,"column":null}},"12":{"start":{"line":135,"column":0},"end":{"line":135,"column":null}},"13":{"start":{"line":138,"column":0},"end":{"line":138,"column":null}},"14":{"start":{"line":143,"column":0},"end":{"line":143,"column":null}},"15":{"start":{"line":146,"column":0},"end":{"line":146,"column":null}}},"fnMap":{"0":{"name":"(anonymous_1)","decl":{"start":{"line":83,"column":0},"end":{"line":83,"column":null}},"loc":{"start":{"line":83,"column":0},"end":{"line":148,"column":null}}},"1":{"name":"(anonymous_2)","decl":{"start":{"line":84,"column":0},"end":{"line":84,"column":null}},"loc":{"start":{"line":84,"column":0},"end":{"line":86,"column":null}}},"2":{"name":"(anonymous_3)","decl":{"start":{"line":87,"column":0},"end":{"line":87,"column":null}},"loc":{"start":{"line":87,"column":0},"end":{"line":89,"column":null}}},"3":{"name":"(anonymous_4)","decl":{"start":{"line":125,"column":0},"end":{"line":125,"column":null}},"loc":{"start":{"line":125,"column":0},"end":{"line":127,"column":null}}},"4":{"name":"(anonymous_5)","decl":{"start":{"line":128,"column":0},"end":{"line":128,"column":null}},"loc":{"start":{"line":128,"column":0},"end":{"line":130,"column":null}}},"5":{"name":"(anonymous_6)","decl":{"start":{"line":131,"column":0},"end":{"line":131,"column":null}},"loc":{"start":{"line":131,"column":0},"end":{"line":133,"column":null}}},"6":{"name":"(anonymous_7)","decl":{"start":{"line":134,"column":0},"end":{"line":134,"column":null}},"loc":{"start":{"line":134,"column":0},"end":{"line":136,"column":null}}},"7":{"name":"(anonymous_8)","decl":{"start":{"line":137,"column":0},"end":{"line":137,"column":null}},"loc":{"start":{"line":137,"column":0},"end":{"line":139,"column":null}}},"8":{"name":"(anonymous_9)","decl":{"start":{"line":142,"column":0},"end":{"line":142,"column":null}},"loc":{"start":{"line":142,"column":0},"end":{"line":144,"column":null}}},"9":{"name":"(anonymous_10)","decl":{"start":{"line":145,"column":0},"end":{"line":145,"column":null}},"loc":{"start":{"line":145,"column":0},"end":{"line":147,"column":null}}}},"branchMap":{},"s":{"0":0,"1":0,"2":0,"3":0,"4":0,"5":0,"6":0,"7":0,"8":0,"9":0,"10":0,"11":0,"12":0,"13":0,"14":0,"15":0},"f":{"0":0,"1":0,"2":0,"3":0,"4":0,"5":0,"6":0,"7":0,"8":0,"9":0},"b":{}}
,"C:\\Data\\typescript-template\\template\\components\\VxCard.vue": {"path":"C:\\Data\\typescript-template\\template\\components\\VxCard.vue","statementMap":{"0":{"start":{"line":61,"column":0},"end":{"line":61,"column":null}},"1":{"start":{"line":70,"column":0},"end":{"line":70,"column":null}},"2":{"start":{"line":71,"column":0},"end":{"line":71,"column":null}},"3":{"start":{"line":80,"column":0},"end":{"line":80,"column":null}},"4":{"start":{"line":107,"column":0},"end":{"line":107,"column":null}},"5":{"start":{"line":108,"column":0},"end":{"line":108,"column":null}},"6":{"start":{"line":109,"column":0},"end":{"line":109,"column":null}},"7":{"start":{"line":110,"column":0},"end":{"line":110,"column":null}},"8":{"start":{"line":111,"column":0},"end":{"line":111,"column":null}},"9":{"start":{"line":112,"column":0},"end":{"line":112,"column":null}},"10":{"start":{"line":104,"column":0},"end":{"line":104,"column":null}},"11":{"start":{"line":115,"column":0},"end":{"line":115,"column":null}},"12":{"start":{"line":119,"column":0},"end":{"line":119,"column":null}},"13":{"start":{"line":123,"column":0},"end":{"line":123,"column":null}},"14":{"start":{"line":127,"column":0},"end":{"line":127,"column":null}},"15":{"start":{"line":128,"column":0},"end":{"line":128,"column":null}},"16":{"start":{"line":129,"column":0},"end":{"line":129,"column":null}},"17":{"start":{"line":130,"column":0},"end":{"line":130,"column":null}},"18":{"start":{"line":134,"column":0},"end":{"line":134,"column":null}},"19":{"start":{"line":138,"column":0},"end":{"line":138,"column":null}},"20":{"start":{"line":140,"column":0},"end":{"line":142,"column":null}},"21":{"start":{"line":141,"column":0},"end":{"line":141,"column":null}},"22":{"start":{"line":144,"column":0},"end":{"line":146,"column":null}},"23":{"start":{"line":145,"column":0},"end":{"line":145,"column":null}},"24":{"start":{"line":147,"column":0},"end":{"line":147,"column":null}},"25":{"start":{"line":151,"column":0},"end":{"line":151,"column":null}},"26":{"start":{"line":157,"column":0},"end":{"line":157,"column":null}},"27":{"start":{"line":159,"column":0},"end":{"line":161,"column":null}},"28":{"start":{"line":160,"column":0},"end":{"line":160,"column":null}},"29":{"start":{"line":162,"column":0},"end":{"line":162,"column":null}},"30":{"start":{"line":166,"column":0},"end":{"line":166,"column":null}},"31":{"start":{"line":167,"column":0},"end":{"line":167,"column":null}},"32":{"start":{"line":168,"column":0},"end":{"line":168,"column":null}},"33":{"start":{"line":172,"column":0},"end":{"line":172,"column":null}},"34":{"start":{"line":174,"column":0},"end":{"line":176,"column":null}},"35":{"start":{"line":175,"column":0},"end":{"line":175,"column":null}},"36":{"start":{"line":177,"column":0},"end":{"line":177,"column":null}},"37":{"start":{"line":182,"column":0},"end":{"line":182,"column":null}},"38":{"start":{"line":186,"column":0},"end":{"line":186,"column":null}},"39":{"start":{"line":190,"column":0},"end":{"line":190,"column":null}},"40":{"start":{"line":194,"column":0},"end":{"line":194,"column":null}},"41":{"start":{"line":197,"column":0},"end":{"line":197,"column":null}},"42":{"start":{"line":198,"column":0},"end":{"line":198,"column":null}},"43":{"start":{"line":199,"column":0},"end":{"line":211,"column":null}},"44":{"start":{"line":200,"column":0},"end":{"line":200,"column":null}},"45":{"start":{"line":201,"column":0},"end":{"line":204,"column":null}},"46":{"start":{"line":202,"column":0},"end":{"line":202,"column":null}},"47":{"start":{"line":203,"column":0},"end":{"line":203,"column":null}},"48":{"start":{"line":206,"column":0},"end":{"line":206,"column":null}},"49":{"start":{"line":207,"column":0},"end":{"line":210,"column":null}},"50":{"start":{"line":208,"column":0},"end":{"line":208,"column":null}},"51":{"start":{"line":209,"column":0},"end":{"line":209,"column":null}},"52":{"start":{"line":212,"column":0},"end":{"line":212,"column":null}},"53":{"start":{"line":213,"column":0},"end":{"line":213,"column":null}},"54":{"start":{"line":216,"column":0},"end":{"line":216,"column":null}},"55":{"start":{"line":220,"column":0},"end":{"line":220,"column":null}},"56":{"start":{"line":221,"column":0},"end":{"line":221,"column":null}},"57":{"start":{"line":224,"column":0},"end":{"line":227,"column":null}},"58":{"start":{"line":225,"column":0},"end":{"line":225,"column":null}},"59":{"start":{"line":226,"column":0},"end":{"line":226,"column":null}},"60":{"start":{"line":230,"column":0},"end":{"line":230,"column":null}},"61":{"start":{"line":231,"column":0},"end":{"line":231,"column":null}},"62":{"start":{"line":232,"column":0},"end":{"line":232,"column":null}},"63":{"start":{"line":233,"column":0},"end":{"line":235,"column":null}},"64":{"start":{"line":234,"column":0},"end":{"line":234,"column":null}},"65":{"start":{"line":236,"column":0},"end":{"line":236,"column":null}},"66":{"start":{"line":239,"column":0},"end":{"line":239,"column":null}},"67":{"start":{"line":240,"column":0},"end":{"line":240,"column":null}},"68":{"start":{"line":241,"column":0},"end":{"line":241,"column":null}},"69":{"start":{"line":242,"column":0},"end":{"line":254,"column":null}},"70":{"start":{"line":243,"column":0},"end":{"line":243,"column":null}},"71":{"start":{"line":244,"column":0},"end":{"line":247,"column":null}},"72":{"start":{"line":245,"column":0},"end":{"line":245,"column":null}},"73":{"start":{"line":246,"column":0},"end":{"line":246,"column":null}},"74":{"start":{"line":249,"column":0},"end":{"line":249,"column":null}},"75":{"start":{"line":250,"column":0},"end":{"line":253,"column":null}},"76":{"start":{"line":251,"column":0},"end":{"line":251,"column":null}},"77":{"start":{"line":252,"column":0},"end":{"line":252,"column":null}},"78":{"start":{"line":81,"column":0},"end":{"line":81,"column":null}},"79":{"start":{"line":82,"column":0},"end":{"line":82,"column":null}},"80":{"start":{"line":83,"column":0},"end":{"line":83,"column":null}},"81":{"start":{"line":84,"column":0},"end":{"line":84,"column":null}},"82":{"start":{"line":85,"column":0},"end":{"line":85,"column":null}},"83":{"start":{"line":86,"column":0},"end":{"line":86,"column":null}},"84":{"start":{"line":87,"column":0},"end":{"line":87,"column":null}},"85":{"start":{"line":88,"column":0},"end":{"line":88,"column":null}},"86":{"start":{"line":89,"column":0},"end":{"line":89,"column":null}},"87":{"start":{"line":90,"column":0},"end":{"line":90,"column":null}},"88":{"start":{"line":91,"column":0},"end":{"line":91,"column":null}},"89":{"start":{"line":92,"column":0},"end":{"line":92,"column":null}},"90":{"start":{"line":93,"column":0},"end":{"line":93,"column":null}},"91":{"start":{"line":94,"column":0},"end":{"line":94,"column":null}},"92":{"start":{"line":95,"column":0},"end":{"line":95,"column":null}},"93":{"start":{"line":96,"column":0},"end":{"line":96,"column":null}},"94":{"start":{"line":97,"column":0},"end":{"line":97,"column":null}},"95":{"start":{"line":98,"column":0},"end":{"line":98,"column":null}},"96":{"start":{"line":99,"column":0},"end":{"line":99,"column":null}},"97":{"start":{"line":100,"column":0},"end":{"line":100,"column":null}},"98":{"start":{"line":80,"column":0},"end":{"line":74,"column":null}}},"fnMap":{"0":{"name":"(anonymous_2)","decl":{"start":{"line":80,"column":0},"end":{"line":80,"column":null}},"loc":{"start":{"line":80,"column":0},"end":{"line":256,"column":null}}},"1":{"name":"(anonymous_3)","decl":{"start":{"line":102,"column":0},"end":{"line":102,"column":null}},"loc":{"start":{"line":102,"column":0},"end":{"line":105,"column":null}}},"2":{"name":"(anonymous_4)","decl":{"start":{"line":114,"column":0},"end":{"line":114,"column":null}},"loc":{"start":{"line":114,"column":0},"end":{"line":116,"column":null}}},"3":{"name":"(anonymous_5)","decl":{"start":{"line":118,"column":0},"end":{"line":118,"column":null}},"loc":{"start":{"line":118,"column":0},"end":{"line":120,"column":null}}},"4":{"name":"(anonymous_6)","decl":{"start":{"line":122,"column":0},"end":{"line":122,"column":null}},"loc":{"start":{"line":122,"column":0},"end":{"line":124,"column":null}}},"5":{"name":"(anonymous_7)","decl":{"start":{"line":126,"column":0},"end":{"line":126,"column":null}},"loc":{"start":{"line":126,"column":0},"end":{"line":131,"column":null}}},"6":{"name":"(anonymous_8)","decl":{"start":{"line":133,"column":0},"end":{"line":133,"column":null}},"loc":{"start":{"line":133,"column":0},"end":{"line":135,"column":null}}},"7":{"name":"(anonymous_9)","decl":{"start":{"line":137,"column":0},"end":{"line":137,"column":null}},"loc":{"start":{"line":137,"column":0},"end":{"line":148,"column":null}}},"8":{"name":"(anonymous_10)","decl":{"start":{"line":150,"column":0},"end":{"line":150,"column":null}},"loc":{"start":{"line":150,"column":0},"end":{"line":154,"column":null}}},"9":{"name":"(anonymous_11)","decl":{"start":{"line":156,"column":0},"end":{"line":156,"column":null}},"loc":{"start":{"line":156,"column":0},"end":{"line":163,"column":null}}},"10":{"name":"(anonymous_12)","decl":{"start":{"line":165,"column":0},"end":{"line":165,"column":null}},"loc":{"start":{"line":165,"column":0},"end":{"line":169,"column":null}}},"11":{"name":"(anonymous_13)","decl":{"start":{"line":171,"column":0},"end":{"line":171,"column":null}},"loc":{"start":{"line":171,"column":0},"end":{"line":178,"column":null}}},"12":{"name":"(anonymous_14)","decl":{"start":{"line":180,"column":0},"end":{"line":180,"column":null}},"loc":{"start":{"line":180,"column":0},"end":{"line":183,"column":null}}},"13":{"name":"(anonymous_15)","decl":{"start":{"line":184,"column":0},"end":{"line":184,"column":null}},"loc":{"start":{"line":184,"column":0},"end":{"line":187,"column":null}}},"14":{"name":"(anonymous_16)","decl":{"start":{"line":188,"column":0},"end":{"line":188,"column":null}},"loc":{"start":{"line":188,"column":0},"end":{"line":191,"column":null}}},"15":{"name":"(anonymous_17)","decl":{"start":{"line":192,"column":0},"end":{"line":192,"column":null}},"loc":{"start":{"line":192,"column":0},"end":{"line":195,"column":null}}},"16":{"name":"(anonymous_18)","decl":{"start":{"line":196,"column":0},"end":{"line":196,"column":null}},"loc":{"start":{"line":196,"column":0},"end":{"line":214,"column":null}}},"17":{"name":"(anonymous_19)","decl":{"start":{"line":201,"column":0},"end":{"line":201,"column":null}},"loc":{"start":{"line":201,"column":0},"end":{"line":204,"column":null}}},"18":{"name":"(anonymous_20)","decl":{"start":{"line":207,"column":0},"end":{"line":207,"column":null}},"loc":{"start":{"line":207,"column":0},"end":{"line":210,"column":null}}},"19":{"name":"(anonymous_21)","decl":{"start":{"line":215,"column":0},"end":{"line":215,"column":null}},"loc":{"start":{"line":215,"column":0},"end":{"line":222,"column":null}}},"20":{"name":"(anonymous_22)","decl":{"start":{"line":223,"column":0},"end":{"line":223,"column":null}},"loc":{"start":{"line":223,"column":0},"end":{"line":228,"column":null}}},"21":{"name":"(anonymous_23)","decl":{"start":{"line":224,"column":0},"end":{"line":224,"column":null}},"loc":{"start":{"line":224,"column":0},"end":{"line":227,"column":null}}},"22":{"name":"(anonymous_24)","decl":{"start":{"line":229,"column":0},"end":{"line":229,"column":null}},"loc":{"start":{"line":229,"column":0},"end":{"line":237,"column":null}}},"23":{"name":"(anonymous_25)","decl":{"start":{"line":233,"column":0},"end":{"line":233,"column":null}},"loc":{"start":{"line":233,"column":0},"end":{"line":235,"column":null}}},"24":{"name":"(anonymous_26)","decl":{"start":{"line":238,"column":0},"end":{"line":238,"column":null}},"loc":{"start":{"line":238,"column":0},"end":{"line":255,"column":null}}},"25":{"name":"(anonymous_27)","decl":{"start":{"line":244,"column":0},"end":{"line":244,"column":null}},"loc":{"start":{"line":244,"column":0},"end":{"line":247,"column":null}}},"26":{"name":"(anonymous_28)","decl":{"start":{"line":250,"column":0},"end":{"line":250,"column":null}},"loc":{"start":{"line":250,"column":0},"end":{"line":253,"column":null}}}},"branchMap":{"0":{"loc":{"start":{"line":104,"column":0},"end":{"line":104,"column":null}},"type":"if","locations":[{"start":{"line":104,"column":0},"end":{"line":104,"column":null}},{"start":{"line":104,"column":0},"end":{"line":104,"column":null}}]},"1":{"loc":{"start":{"line":115,"column":0},"end":{"line":115,"column":null}},"type":"binary-expr","locations":[{"start":{"line":115,"column":0},"end":{"line":115,"column":null}},{"start":{"line":115,"column":0},"end":{"line":115,"column":null}},{"start":{"line":115,"column":0},"end":{"line":115,"column":null}},{"start":{"line":115,"column":0},"end":{"line":115,"column":null}},{"start":{"line":115,"column":0},"end":{"line":115,"column":null}},{"start":{"line":115,"column":0},"end":{"line":115,"column":null}}]},"2":{"loc":{"start":{"line":119,"column":0},"end":{"line":119,"column":null}},"type":"binary-expr","locations":[{"start":{"line":119,"column":0},"end":{"line":119,"column":null}},{"start":{"line":119,"column":0},"end":{"line":119,"column":null}},{"start":{"line":119,"column":0},"end":{"line":119,"column":null}}]},"3":{"loc":{"start":{"line":128,"column":0},"end":{"line":128,"column":null}},"type":"if","locations":[{"start":{"line":128,"column":0},"end":{"line":128,"column":null}},{"start":{"line":128,"column":0},"end":{"line":128,"column":null}}]},"4":{"loc":{"start":{"line":129,"column":0},"end":{"line":129,"column":null}},"type":"if","locations":[{"start":{"line":129,"column":0},"end":{"line":129,"column":null}},{"start":{"line":129,"column":0},"end":{"line":129,"column":null}}]},"5":{"loc":{"start":{"line":140,"column":0},"end":{"line":142,"column":null}},"type":"if","locations":[{"start":{"line":140,"column":0},"end":{"line":142,"column":null}},{"start":{"line":140,"column":0},"end":{"line":142,"column":null}}]},"6":{"loc":{"start":{"line":144,"column":0},"end":{"line":146,"column":null}},"type":"if","locations":[{"start":{"line":144,"column":0},"end":{"line":146,"column":null}},{"start":{"line":144,"column":0},"end":{"line":146,"column":null}}]},"7":{"loc":{"start":{"line":159,"column":0},"end":{"line":161,"column":null}},"type":"if","locations":[{"start":{"line":159,"column":0},"end":{"line":161,"column":null}},{"start":{"line":159,"column":0},"end":{"line":161,"column":null}}]},"8":{"loc":{"start":{"line":167,"column":0},"end":{"line":167,"column":null}},"type":"if","locations":[{"start":{"line":167,"column":0},"end":{"line":167,"column":null}},{"start":{"line":167,"column":0},"end":{"line":167,"column":null}}]},"9":{"loc":{"start":{"line":174,"column":0},"end":{"line":176,"column":null}},"type":"if","locations":[{"start":{"line":174,"column":0},"end":{"line":176,"column":null}},{"start":{"line":174,"column":0},"end":{"line":176,"column":null}}]},"10":{"loc":{"start":{"line":199,"column":0},"end":{"line":211,"column":null}},"type":"if","locations":[{"start":{"line":199,"column":0},"end":{"line":211,"column":null}},{"start":{"line":199,"column":0},"end":{"line":211,"column":null}}]},"11":{"loc":{"start":{"line":223,"column":0},"end":{"line":223,"column":null}},"type":"default-arg","locations":[{"start":{"line":223,"column":0},"end":{"line":223,"column":null}}]},"12":{"loc":{"start":{"line":242,"column":0},"end":{"line":254,"column":null}},"type":"if","locations":[{"start":{"line":242,"column":0},"end":{"line":254,"column":null}},{"start":{"line":242,"column":0},"end":{"line":254,"column":null}}]}},"s":{"0":0,"1":0,"2":0,"3":0,"4":0,"5":0,"6":0,"7":0,"8":0,"9":0,"10":0,"11":0,"12":0,"13":0,"14":0,"15":0,"16":0,"17":0,"18":0,"19":0,"20":0,"21":0,"22":0,"23":0,"24":0,"25":0,"26":0,"27":0,"28":0,"29":0,"30":0,"31":0,"32":0,"33":0,"34":0,"35":0,"36":0,"37":0,"38":0,"39":0,"40":0,"41":0,"42":0,"43":0,"44":0,"45":0,"46":0,"47":0,"48":0,"49":0,"50":0,"51":0,"52":0,"53":0,"54":0,"55":0,"56":0,"57":0,"58":0,"59":0,"60":0,"61":0,"62":0,"63":0,"64":0,"65":0,"66":0,"67":0,"68":0,"69":0,"70":0,"71":0,"72":0,"73":0,"74":0,"75":0,"76":0,"77":0,"78":0,"79":0,"80":0,"81":0,"82":0,"83":0,"84":0,"85":0,"86":0,"87":0,"88":0,"89":0,"90":0,"91":0,"92":0,"93":0,"94":0,"95":0,"96":0,"97":0,"98":0},"f":{"0":0,"1":0,"2":0,"3":0,"4":0,"5":0,"6":0,"7":0,"8":0,"9":0,"10":0,"11":0,"12":0,"13":0,"14":0,"15":0,"16":0,"17":0,"18":0,"19":0,"20":0,"21":0,"22":0,"23":0,"24":0,"25":0,"26":0},"b":{"0":[0,0],"1":[0,0,0,0,0,0],"2":[0,0,0],"3":[0,0],"4":[0,0],"5":[0,0],"6":[0,0],"7":[0,0],"8":[0,0],"9":[0,0],"10":[0,0],"11":[0],"12":[0,0]}}
,"C:\\Data\\typescript-template\\template\\layouts\\auth.vue": {"path":"C:\\Data\\typescript-template\\template\\layouts\\auth.vue","statementMap":{"0":{"start":{"line":9,"column":0},"end":{"line":9,"column":null}},"1":{"start":{"line":13,"column":0},"end":{"line":13,"column":null}}},"fnMap":{},"branchMap":{},"s":{"0":0,"1":0},"f":{},"b":{}}
,"C:\\Data\\typescript-template\\template\\layouts\\main.vue": {"path":"C:\\Data\\typescript-template\\template\\layouts\\main.vue","statementMap":{"0":{"start":{"line":121,"column":0},"end":{"line":121,"column":null}},"1":{"start":{"line":123,"column":0},"end":{"line":123,"column":null}},"2":{"start":{"line":124,"column":0},"end":{"line":124,"column":null}},"3":{"start":{"line":126,"column":0},"end":{"line":126,"column":null}},"4":{"start":{"line":127,"column":0},"end":{"line":127,"column":null}},"5":{"start":{"line":129,"column":0},"end":{"line":129,"column":null}},"6":{"start":{"line":158,"column":0},"end":{"line":158,"column":null}},"7":{"start":{"line":159,"column":0},"end":{"line":159,"column":null}},"8":{"start":{"line":160,"column":0},"end":{"line":160,"column":null}},"9":{"start":{"line":161,"column":0},"end":{"line":161,"column":null}},"10":{"start":{"line":162,"column":0},"end":{"line":162,"column":null}},"11":{"start":{"line":163,"column":0},"end":{"line":163,"column":null}},"12":{"start":{"line":164,"column":0},"end":{"line":164,"column":null}},"13":{"start":{"line":165,"column":0},"end":{"line":165,"column":null}},"14":{"start":{"line":166,"column":0},"end":{"line":166,"column":null}},"15":{"start":{"line":167,"column":0},"end":{"line":167,"column":null}},"16":{"start":{"line":168,"column":0},"end":{"line":168,"column":null}},"17":{"start":{"line":169,"column":0},"end":{"line":169,"column":null}},"18":{"start":{"line":180,"column":0},"end":{"line":180,"column":null}},"19":{"start":{"line":183,"column":0},"end":{"line":183,"column":null}},"20":{"start":{"line":186,"column":0},"end":{"line":186,"column":null}},"21":{"start":{"line":189,"column":0},"end":{"line":189,"column":null}},"22":{"start":{"line":192,"column":0},"end":{"line":192,"column":null}},"23":{"start":{"line":197,"column":0},"end":{"line":197,"column":null}},"24":{"start":{"line":205,"column":0},"end":{"line":205,"column":null}},"25":{"start":{"line":212,"column":0},"end":{"line":212,"column":null}},"26":{"start":{"line":215,"column":0},"end":{"line":215,"column":null}},"27":{"start":{"line":216,"column":0},"end":{"line":216,"column":null}},"28":{"start":{"line":220,"column":0},"end":{"line":220,"column":null}},"29":{"start":{"line":221,"column":0},"end":{"line":221,"column":null}},"30":{"start":{"line":224,"column":0},"end":{"line":232,"column":null}},"31":{"start":{"line":227,"column":0},"end":{"line":227,"column":null}},"32":{"start":{"line":228,"column":0},"end":{"line":232,"column":null}},"33":{"start":{"line":235,"column":0},"end":{"line":235,"column":null}},"34":{"start":{"line":158,"column":0},"end":{"line":131,"column":null}},"35":{"start":{"line":138,"column":0},"end":{"line":142,"column":null}},"36":{"start":{"line":139,"column":0},"end":{"line":139,"column":null}},"37":{"start":{"line":141,"column":0},"end":{"line":141,"column":null}},"38":{"start":{"line":146,"column":0},"end":{"line":146,"column":null}},"39":{"start":{"line":147,"column":0},"end":{"line":147,"column":null}},"40":{"start":{"line":150,"column":0},"end":{"line":150,"column":null}},"41":{"start":{"line":151,"column":0},"end":{"line":155,"column":null}},"42":{"start":{"line":152,"column":0},"end":{"line":152,"column":null}},"43":{"start":{"line":154,"column":0},"end":{"line":154,"column":null}}},"fnMap":{"0":{"name":"(anonymous_2)","decl":{"start":{"line":158,"column":0},"end":{"line":158,"column":null}},"loc":{"start":{"line":158,"column":0},"end":{"line":237,"column":null}}},"1":{"name":"(anonymous_3)","decl":{"start":{"line":171,"column":0},"end":{"line":171,"column":null}},"loc":{"start":{"line":171,"column":0},"end":{"line":171,"column":null}}},"2":{"name":"(anonymous_4)","decl":{"start":{"line":174,"column":0},"end":{"line":174,"column":null}},"loc":{"start":{"line":174,"column":0},"end":{"line":174,"column":null}}},"3":{"name":"(anonymous_5)","decl":{"start":{"line":177,"column":0},"end":{"line":177,"column":null}},"loc":{"start":{"line":177,"column":0},"end":{"line":181,"column":null}}},"4":{"name":"(anonymous_6)","decl":{"start":{"line":182,"column":0},"end":{"line":182,"column":null}},"loc":{"start":{"line":182,"column":0},"end":{"line":184,"column":null}}},"5":{"name":"(anonymous_7)","decl":{"start":{"line":185,"column":0},"end":{"line":185,"column":null}},"loc":{"start":{"line":185,"column":0},"end":{"line":187,"column":null}}},"6":{"name":"(anonymous_8)","decl":{"start":{"line":188,"column":0},"end":{"line":188,"column":null}},"loc":{"start":{"line":188,"column":0},"end":{"line":190,"column":null}}},"7":{"name":"(anonymous_9)","decl":{"start":{"line":191,"column":0},"end":{"line":191,"column":null}},"loc":{"start":{"line":191,"column":0},"end":{"line":195,"column":null}}},"8":{"name":"(anonymous_10)","decl":{"start":{"line":196,"column":0},"end":{"line":196,"column":null}},"loc":{"start":{"line":196,"column":0},"end":{"line":203,"column":null}}},"9":{"name":"(anonymous_11)","decl":{"start":{"line":204,"column":0},"end":{"line":204,"column":null}},"loc":{"start":{"line":204,"column":0},"end":{"line":210,"column":null}}},"10":{"name":"(anonymous_12)","decl":{"start":{"line":211,"column":0},"end":{"line":211,"column":null}},"loc":{"start":{"line":211,"column":0},"end":{"line":213,"column":null}}},"11":{"name":"(anonymous_13)","decl":{"start":{"line":214,"column":0},"end":{"line":214,"column":null}},"loc":{"start":{"line":214,"column":0},"end":{"line":218,"column":null}}},"12":{"name":"(anonymous_14)","decl":{"start":{"line":219,"column":0},"end":{"line":219,"column":null}},"loc":{"start":{"line":219,"column":0},"end":{"line":222,"column":null}}},"13":{"name":"(anonymous_15)","decl":{"start":{"line":223,"column":0},"end":{"line":223,"column":null}},"loc":{"start":{"line":223,"column":0},"end":{"line":233,"column":null}}},"14":{"name":"(anonymous_16)","decl":{"start":{"line":234,"column":0},"end":{"line":234,"column":null}},"loc":{"start":{"line":234,"column":0},"end":{"line":236,"column":null}}},"15":{"name":"(anonymous_17)","decl":{"start":{"line":137,"column":0},"end":{"line":137,"column":null}},"loc":{"start":{"line":137,"column":0},"end":{"line":143,"column":null}}},"16":{"name":"(anonymous_18)","decl":{"start":{"line":145,"column":0},"end":{"line":145,"column":null}},"loc":{"start":{"line":145,"column":0},"end":{"line":148,"column":null}}},"17":{"name":"(anonymous_19)","decl":{"start":{"line":149,"column":0},"end":{"line":149,"column":null}},"loc":{"start":{"line":149,"column":0},"end":{"line":156,"column":null}}}},"branchMap":{"0":{"loc":{"start":{"line":159,"column":0},"end":{"line":159,"column":null}},"type":"binary-expr","locations":[{"start":{"line":159,"column":0},"end":{"line":159,"column":null}},{"start":{"line":159,"column":0},"end":{"line":159,"column":null}}]},"1":{"loc":{"start":{"line":160,"column":0},"end":{"line":160,"column":null}},"type":"binary-expr","locations":[{"start":{"line":160,"column":0},"end":{"line":160,"column":null}},{"start":{"line":160,"column":0},"end":{"line":160,"column":null}}]},"2":{"loc":{"start":{"line":161,"column":0},"end":{"line":161,"column":null}},"type":"binary-expr","locations":[{"start":{"line":161,"column":0},"end":{"line":161,"column":null}},{"start":{"line":161,"column":0},"end":{"line":161,"column":null}}]},"3":{"loc":{"start":{"line":162,"column":0},"end":{"line":162,"column":null}},"type":"binary-expr","locations":[{"start":{"line":162,"column":0},"end":{"line":162,"column":null}},{"start":{"line":162,"column":0},"end":{"line":162,"column":null}}]},"4":{"loc":{"start":{"line":189,"column":0},"end":{"line":189,"column":null}},"type":"binary-expr","locations":[{"start":{"line":189,"column":0},"end":{"line":189,"column":null}},{"start":{"line":189,"column":0},"end":{"line":189,"column":null}}]},"5":{"loc":{"start":{"line":192,"column":0},"end":{"line":192,"column":null}},"type":"if","locations":[{"start":{"line":192,"column":0},"end":{"line":192,"column":null}},{"start":{"line":192,"column":0},"end":{"line":192,"column":null}}]},"6":{"loc":{"start":{"line":216,"column":0},"end":{"line":216,"column":null}},"type":"if","locations":[{"start":{"line":216,"column":0},"end":{"line":216,"column":null}},{"start":{"line":216,"column":0},"end":{"line":216,"column":null}}]},"7":{"loc":{"start":{"line":224,"column":0},"end":{"line":232,"column":null}},"type":"if","locations":[{"start":{"line":224,"column":0},"end":{"line":232,"column":null}},{"start":{"line":224,"column":0},"end":{"line":232,"column":null}}]},"8":{"loc":{"start":{"line":228,"column":0},"end":{"line":232,"column":null}},"type":"if","locations":[{"start":{"line":228,"column":0},"end":{"line":232,"column":null}},{"start":{"line":228,"column":0},"end":{"line":232,"column":null}}]},"9":{"loc":{"start":{"line":138,"column":0},"end":{"line":142,"column":null}},"type":"if","locations":[{"start":{"line":138,"column":0},"end":{"line":142,"column":null}},{"start":{"line":138,"column":0},"end":{"line":142,"column":null}}]},"10":{"loc":{"start":{"line":138,"column":0},"end":{"line":138,"column":null}},"type":"binary-expr","locations":[{"start":{"line":138,"column":0},"end":{"line":138,"column":null}},{"start":{"line":138,"column":0},"end":{"line":138,"column":null}}]},"11":{"loc":{"start":{"line":151,"column":0},"end":{"line":155,"column":null}},"type":"if","locations":[{"start":{"line":151,"column":0},"end":{"line":155,"column":null}},{"start":{"line":151,"column":0},"end":{"line":155,"column":null}}]},"12":{"loc":{"start":{"line":151,"column":0},"end":{"line":151,"column":null}},"type":"binary-expr","locations":[{"start":{"line":151,"column":0},"end":{"line":151,"column":null}},{"start":{"line":151,"column":0},"end":{"line":151,"column":null}}]}},"s":{"0":0,"1":0,"2":0,"3":0,"4":0,"5":0,"6":0,"7":0,"8":0,"9":0,"10":0,"11":0,"12":0,"13":0,"14":0,"15":0,"16":0,"17":0,"18":0,"19":0,"20":0,"21":0,"22":0,"23":0,"24":0,"25":0,"26":0,"27":0,"28":0,"29":0,"30":0,"31":0,"32":0,"33":0,"34":0,"35":0,"36":0,"37":0,"38":0,"39":0,"40":0,"41":0,"42":0,"43":0},"f":{"0":0,"1":0,"2":0,"3":0,"4":0,"5":0,"6":0,"7":0,"8":0,"9":0,"10":0,"11":0,"12":0,"13":0,"14":0,"15":0,"16":0,"17":0},"b":{"0":[0,0],"1":[0,0],"2":[0,0],"3":[0,0],"4":[0,0],"5":[0,0],"6":[0,0],"7":[0,0],"8":[0,0],"9":[0,0],"10":[0,0],"11":[0,0],"12":[0,0]}}
,"C:\\Data\\typescript-template\\template\\pages\\Home.vue": {"path":"C:\\Data\\typescript-template\\template\\pages\\Home.vue","statementMap":{"0":{"start":{"line":69,"column":0},"end":{"line":69,"column":null}},"1":{"start":{"line":71,"column":0},"end":{"line":71,"column":null}},"2":{"start":{"line":79,"column":0},"end":{"line":79,"column":null}},"3":{"start":{"line":82,"column":0},"end":{"line":82,"column":null}},"4":{"start":{"line":86,"column":0},"end":{"line":86,"column":null}},"5":{"start":{"line":79,"column":0},"end":{"line":75,"column":null}}},"fnMap":{"0":{"name":"(anonymous_1)","decl":{"start":{"line":80,"column":0},"end":{"line":80,"column":null}},"loc":{"start":{"line":80,"column":0},"end":{"line":83,"column":null}}},"1":{"name":"(anonymous_2)","decl":{"start":{"line":84,"column":0},"end":{"line":84,"column":null}},"loc":{"start":{"line":84,"column":0},"end":{"line":87,"column":null}}}},"branchMap":{},"s":{"0":0,"1":0,"2":0,"3":0,"4":0,"5":0},"f":{"0":0,"1":0},"b":{}}
,"C:\\Data\\typescript-template\\template\\pages\\Suggestions.vue": {"path":"C:\\Data\\typescript-template\\template\\pages\\Suggestions.vue","statementMap":{"0":{"start":{"line":121,"column":0},"end":{"line":121,"column":null}},"1":{"start":{"line":123,"column":0},"end":{"line":123,"column":null}},"2":{"start":{"line":124,"column":0},"end":{"line":124,"column":null}},"3":{"start":{"line":126,"column":0},"end":{"line":126,"column":null}},"4":{"start":{"line":140,"column":0},"end":{"line":140,"column":null}},"5":{"start":{"line":141,"column":0},"end":{"line":141,"column":null}},"6":{"start":{"line":169,"column":0},"end":{"line":169,"column":null}},"7":{"start":{"line":143,"column":0},"end":{"line":143,"column":null}},"8":{"start":{"line":144,"column":0},"end":{"line":144,"column":null}},"9":{"start":{"line":145,"column":0},"end":{"line":149,"column":null}},"10":{"start":{"line":146,"column":0},"end":{"line":148,"column":null}},"11":{"start":{"line":147,"column":0},"end":{"line":147,"column":null}},"12":{"start":{"line":150,"column":0},"end":{"line":153,"column":null}},"13":{"start":{"line":152,"column":0},"end":{"line":152,"column":null}},"14":{"start":{"line":154,"column":0},"end":{"line":154,"column":null}},"15":{"start":{"line":157,"column":0},"end":{"line":157,"column":null}},"16":{"start":{"line":160,"column":0},"end":{"line":160,"column":null}},"17":{"start":{"line":163,"column":0},"end":{"line":167,"column":null}},"18":{"start":{"line":164,"column":0},"end":{"line":164,"column":null}},"19":{"start":{"line":166,"column":0},"end":{"line":166,"column":null}},"20":{"start":{"line":175,"column":0},"end":{"line":187,"column":null}},"21":{"start":{"line":176,"column":0},"end":{"line":176,"column":null}},"22":{"start":{"line":177,"column":0},"end":{"line":186,"column":null}},"23":{"start":{"line":178,"column":0},"end":{"line":178,"column":null}},"24":{"start":{"line":179,"column":0},"end":{"line":179,"column":null}},"25":{"start":{"line":181,"column":0},"end":{"line":181,"column":null}},"26":{"start":{"line":182,"column":0},"end":{"line":182,"column":null}},"27":{"start":{"line":188,"column":0},"end":{"line":188,"column":null}},"28":{"start":{"line":191,"column":0},"end":{"line":191,"column":null}},"29":{"start":{"line":192,"column":0},"end":{"line":192,"column":null}},"30":{"start":{"line":196,"column":0},"end":{"line":196,"column":null}},"31":{"start":{"line":199,"column":0},"end":{"line":199,"column":null}},"32":{"start":{"line":203,"column":0},"end":{"line":203,"column":null}},"33":{"start":{"line":207,"column":0},"end":{"line":207,"column":null}},"34":{"start":{"line":208,"column":0},"end":{"line":215,"column":null}},"35":{"start":{"line":209,"column":0},"end":{"line":209,"column":null}},"36":{"start":{"line":210,"column":0},"end":{"line":210,"column":null}},"37":{"start":{"line":211,"column":0},"end":{"line":211,"column":null}},"38":{"start":{"line":213,"column":0},"end":{"line":213,"column":null}},"39":{"start":{"line":214,"column":0},"end":{"line":214,"column":null}},"40":{"start":{"line":216,"column":0},"end":{"line":216,"column":null}},"41":{"start":{"line":219,"column":0},"end":{"line":219,"column":null}},"42":{"start":{"line":220,"column":0},"end":{"line":228,"column":null}},"43":{"start":{"line":221,"column":0},"end":{"line":221,"column":null}},"44":{"start":{"line":222,"column":0},"end":{"line":222,"column":null}},"45":{"start":{"line":223,"column":0},"end":{"line":223,"column":null}},"46":{"start":{"line":224,"column":0},"end":{"line":224,"column":null}},"47":{"start":{"line":226,"column":0},"end":{"line":226,"column":null}},"48":{"start":{"line":227,"column":0},"end":{"line":227,"column":null}},"49":{"start":{"line":229,"column":0},"end":{"line":229,"column":null}},"50":{"start":{"line":233,"column":0},"end":{"line":233,"column":null}},"51":{"start":{"line":140,"column":0},"end":{"line":129,"column":null}},"52":{"start":{"line":135,"column":0},"end":{"line":137,"column":null}},"53":{"start":{"line":136,"column":0},"end":{"line":136,"column":null}}},"fnMap":{"0":{"name":"(anonymous_2)","decl":{"start":{"line":140,"column":0},"end":{"line":140,"column":null}},"loc":{"start":{"line":140,"column":0},"end":{"line":235,"column":null}}},"1":{"name":"(anonymous_3)","decl":{"start":{"line":142,"column":0},"end":{"line":142,"column":null}},"loc":{"start":{"line":142,"column":0},"end":{"line":155,"column":null}}},"2":{"name":"(anonymous_4)","decl":{"start":{"line":146,"column":0},"end":{"line":146,"column":null}},"loc":{"start":{"line":146,"column":0},"end":{"line":148,"column":null}}},"3":{"name":"(anonymous_5)","decl":{"start":{"line":156,"column":0},"end":{"line":156,"column":null}},"loc":{"start":{"line":156,"column":0},"end":{"line":158,"column":null}}},"4":{"name":"(anonymous_6)","decl":{"start":{"line":159,"column":0},"end":{"line":159,"column":null}},"loc":{"start":{"line":159,"column":0},"end":{"line":161,"column":null}}},"5":{"name":"(anonymous_7)","decl":{"start":{"line":162,"column":0},"end":{"line":162,"column":null}},"loc":{"start":{"line":162,"column":0},"end":{"line":168,"column":null}}},"6":{"name":"(anonymous_8)","decl":{"start":{"line":174,"column":0},"end":{"line":174,"column":null}},"loc":{"start":{"line":174,"column":0},"end":{"line":189,"column":null}}},"7":{"name":"(anonymous_9)","decl":{"start":{"line":190,"column":0},"end":{"line":190,"column":null}},"loc":{"start":{"line":190,"column":0},"end":{"line":193,"column":null}}},"8":{"name":"(anonymous_10)","decl":{"start":{"line":195,"column":0},"end":{"line":195,"column":null}},"loc":{"start":{"line":195,"column":0},"end":{"line":197,"column":null}}},"9":{"name":"(anonymous_11)","decl":{"start":{"line":198,"column":0},"end":{"line":198,"column":null}},"loc":{"start":{"line":198,"column":0},"end":{"line":200,"column":null}}},"10":{"name":"(anonymous_12)","decl":{"start":{"line":202,"column":0},"end":{"line":202,"column":null}},"loc":{"start":{"line":202,"column":0},"end":{"line":204,"column":null}}},"11":{"name":"(anonymous_13)","decl":{"start":{"line":206,"column":0},"end":{"line":206,"column":null}},"loc":{"start":{"line":206,"column":0},"end":{"line":217,"column":null}}},"12":{"name":"(anonymous_14)","decl":{"start":{"line":218,"column":0},"end":{"line":218,"column":null}},"loc":{"start":{"line":218,"column":0},"end":{"line":230,"column":null}}},"13":{"name":"(anonymous_15)","decl":{"start":{"line":232,"column":0},"end":{"line":232,"column":null}},"loc":{"start":{"line":232,"column":0},"end":{"line":234,"column":null}}},"14":{"name":"(anonymous_16)","decl":{"start":{"line":132,"column":0},"end":{"line":132,"column":null}},"loc":{"start":{"line":132,"column":0},"end":{"line":138,"column":null}}}},"branchMap":{"0":{"loc":{"start":{"line":145,"column":0},"end":{"line":149,"column":null}},"type":"if","locations":[{"start":{"line":145,"column":0},"end":{"line":149,"column":null}},{"start":{"line":145,"column":0},"end":{"line":149,"column":null}}]},"1":{"loc":{"start":{"line":150,"column":0},"end":{"line":153,"column":null}},"type":"if","locations":[{"start":{"line":150,"column":0},"end":{"line":153,"column":null}},{"start":{"line":150,"column":0},"end":{"line":153,"column":null}}]},"2":{"loc":{"start":{"line":175,"column":0},"end":{"line":187,"column":null}},"type":"if","locations":[{"start":{"line":175,"column":0},"end":{"line":187,"column":null}},{"start":{"line":175,"column":0},"end":{"line":187,"column":null}}]},"3":{"loc":{"start":{"line":135,"column":0},"end":{"line":137,"column":null}},"type":"if","locations":[{"start":{"line":135,"column":0},"end":{"line":137,"column":null}},{"start":{"line":135,"column":0},"end":{"line":137,"column":null}}]}},"s":{"0":0,"1":0,"2":0,"3":0,"4":0,"5":0,"6":0,"7":0,"8":0,"9":0,"10":0,"11":0,"12":0,"13":0,"14":0,"15":0,"16":0,"17":0,"18":0,"19":0,"20":0,"21":0,"22":0,"23":0,"24":0,"25":0,"26":0,"27":0,"28":0,"29":0,"30":0,"31":0,"32":0,"33":0,"34":0,"35":0,"36":0,"37":0,"38":0,"39":0,"40":0,"41":0,"42":0,"43":0,"44":0,"45":0,"46":0,"47":0,"48":0,"49":0,"50":0,"51":0,"52":0,"53":0},"f":{"0":0,"1":0,"2":0,"3":0,"4":0,"5":0,"6":0,"7":0,"8":0,"9":0,"10":0,"11":0,"12":0,"13":0,"14":0},"b":{"0":[0,0],"1":[0,0],"2":[0,0],"3":[0,0]}}
,"C:\\Data\\typescript-template\\template\\pages\\auth.vue": {"path":"C:\\Data\\typescript-template\\template\\pages\\auth.vue","statementMap":{"0":{"start":{"line":5,"column":0},"end":{"line":5,"column":null}},"1":{"start":{"line":8,"column":0},"end":{"line":8,"column":null}}},"fnMap":{},"branchMap":{},"s":{"0":0,"1":0},"f":{},"b":{}}
,"C:\\Data\\typescript-template\\template\\pages\\index.vue": {"path":"C:\\Data\\typescript-template\\template\\pages\\index.vue","statementMap":{"0":{"start":{"line":165,"column":0},"end":{"line":165,"column":null}},"1":{"start":{"line":166,"column":0},"end":{"line":166,"column":null}},"2":{"start":{"line":168,"column":0},"end":{"line":168,"column":null}},"3":{"start":{"line":167,"column":0},"end":{"line":167,"column":null}},"4":{"start":{"line":182,"column":0},"end":{"line":182,"column":null}},"5":{"start":{"line":185,"column":0},"end":{"line":185,"column":null}},"6":{"start":{"line":186,"column":0},"end":{"line":186,"column":null}},"7":{"start":{"line":187,"column":0},"end":{"line":187,"column":null}},"8":{"start":{"line":200,"column":0},"end":{"line":200,"column":null}},"9":{"start":{"line":189,"column":0},"end":{"line":189,"column":null}},"10":{"start":{"line":194,"column":0},"end":{"line":194,"column":null}},"11":{"start":{"line":197,"column":0},"end":{"line":197,"column":null}},"12":{"start":{"line":182,"column":0},"end":{"line":170,"column":null}},"13":{"start":{"line":175,"column":0},"end":{"line":175,"column":null}},"14":{"start":{"line":176,"column":0},"end":{"line":176,"column":null}},"15":{"start":{"line":177,"column":0},"end":{"line":177,"column":null}},"16":{"start":{"line":178,"column":0},"end":{"line":178,"column":null}}},"fnMap":{"0":{"name":"(anonymous_2)","decl":{"start":{"line":182,"column":0},"end":{"line":182,"column":null}},"loc":{"start":{"line":182,"column":0},"end":{"line":201,"column":null}}},"1":{"name":"(anonymous_3)","decl":{"start":{"line":188,"column":0},"end":{"line":188,"column":null}},"loc":{"start":{"line":188,"column":0},"end":{"line":195,"column":null}}},"2":{"name":"(anonymous_4)","decl":{"start":{"line":196,"column":0},"end":{"line":196,"column":null}},"loc":{"start":{"line":196,"column":0},"end":{"line":198,"column":null}}},"3":{"name":"(anonymous_5)","decl":{"start":{"line":173,"column":0},"end":{"line":173,"column":null}},"loc":{"start":{"line":173,"column":0},"end":{"line":179,"column":null}}}},"branchMap":{},"s":{"0":0,"1":0,"2":0,"3":0,"4":0,"5":0,"6":0,"7":0,"8":0,"9":0,"10":0,"11":0,"12":0,"13":0,"14":0,"15":0,"16":0},"f":{"0":0,"1":0,"2":0,"3":0},"b":{}}
,"C:\\Data\\typescript-template\\template\\pages\\notes.vue": {"path":"C:\\Data\\typescript-template\\template\\pages\\notes.vue","statementMap":{"0":{"start":{"line":5,"column":0},"end":{"line":5,"column":null}},"1":{"start":{"line":8,"column":0},"end":{"line":8,"column":null}}},"fnMap":{},"branchMap":{},"s":{"0":0,"1":0},"f":{},"b":{}}
,"C:\\Data\\typescript-template\\template\\pages\\auth\\Login.vue": {"path":"C:\\Data\\typescript-template\\template\\pages\\auth\\Login.vue","statementMap":{"0":{"start":{"line":75,"column":0},"end":{"line":75,"column":null}},"1":{"start":{"line":78,"column":0},"end":{"line":78,"column":null}},"2":{"start":{"line":80,"column":0},"end":{"line":80,"column":null}},"3":{"start":{"line":81,"column":0},"end":{"line":81,"column":null}},"4":{"start":{"line":83,"column":0},"end":{"line":83,"column":null}},"5":{"start":{"line":88,"column":0},"end":{"line":88,"column":null}},"6":{"start":{"line":93,"column":0},"end":{"line":93,"column":null}},"7":{"start":{"line":94,"column":0},"end":{"line":94,"column":null}},"8":{"start":{"line":91,"column":0},"end":{"line":91,"column":null}},"9":{"start":{"line":88,"column":0},"end":{"line":84,"column":null}}},"fnMap":{"0":{"name":"(anonymous_2)","decl":{"start":{"line":88,"column":0},"end":{"line":88,"column":null}},"loc":{"start":{"line":88,"column":0},"end":{"line":95,"column":null}}},"1":{"name":"(anonymous_3)","decl":{"start":{"line":89,"column":0},"end":{"line":89,"column":null}},"loc":{"start":{"line":89,"column":0},"end":{"line":92,"column":null}}}},"branchMap":{},"s":{"0":0,"1":0,"2":0,"3":0,"4":0,"5":0,"6":0,"7":0,"8":0,"9":0},"f":{"0":0,"1":0},"b":{}}
,"C:\\Data\\typescript-template\\template\\pages\\auth\\SignUp.vue": {"path":"C:\\Data\\typescript-template\\template\\pages\\auth\\SignUp.vue","statementMap":{"0":{"start":{"line":82,"column":0},"end":{"line":82,"column":null}},"1":{"start":{"line":86,"column":0},"end":{"line":86,"column":null}},"2":{"start":{"line":87,"column":0},"end":{"line":87,"column":null}},"3":{"start":{"line":89,"column":0},"end":{"line":89,"column":null}},"4":{"start":{"line":95,"column":0},"end":{"line":95,"column":null}},"5":{"start":{"line":96,"column":0},"end":{"line":96,"column":null}},"6":{"start":{"line":97,"column":0},"end":{"line":97,"column":null}},"7":{"start":{"line":98,"column":0},"end":{"line":98,"column":null}},"8":{"start":{"line":102,"column":0},"end":{"line":102,"column":null}},"9":{"start":{"line":95,"column":0},"end":{"line":90,"column":null}}},"fnMap":{"0":{"name":"(anonymous_2)","decl":{"start":{"line":95,"column":0},"end":{"line":95,"column":null}},"loc":{"start":{"line":95,"column":0},"end":{"line":104,"column":null}}},"1":{"name":"(anonymous_3)","decl":{"start":{"line":100,"column":0},"end":{"line":100,"column":null}},"loc":{"start":{"line":100,"column":0},"end":{"line":103,"column":null}}}},"branchMap":{},"s":{"0":0,"1":0,"2":0,"3":0,"4":0,"5":0,"6":0,"7":0,"8":0,"9":0},"f":{"0":0,"1":0},"b":{}}
,"C:\\Data\\typescript-template\\template\\pages\\notes\\_id.vue": {"path":"C:\\Data\\typescript-template\\template\\pages\\notes\\_id.vue","statementMap":{"0":{"start":{"line":23,"column":0},"end":{"line":23,"column":null}},"1":{"start":{"line":24,"column":0},"end":{"line":24,"column":null}},"2":{"start":{"line":25,"column":0},"end":{"line":25,"column":null}},"3":{"start":{"line":26,"column":0},"end":{"line":26,"column":null}},"4":{"start":{"line":27,"column":0},"end":{"line":27,"column":null}},"5":{"start":{"line":35,"column":0},"end":{"line":35,"column":null}},"6":{"start":{"line":36,"column":0},"end":{"line":36,"column":null}},"7":{"start":{"line":37,"column":0},"end":{"line":37,"column":null}},"8":{"start":{"line":38,"column":0},"end":{"line":38,"column":null}},"9":{"start":{"line":40,"column":0},"end":{"line":40,"column":null}},"10":{"start":{"line":41,"column":0},"end":{"line":41,"column":null}},"11":{"start":{"line":42,"column":0},"end":{"line":45,"column":null}},"12":{"start":{"line":43,"column":0},"end":{"line":43,"column":null}},"13":{"start":{"line":44,"column":0},"end":{"line":44,"column":null}},"14":{"start":{"line":46,"column":0},"end":{"line":61,"column":null}},"15":{"start":{"line":47,"column":0},"end":{"line":47,"column":null}},"16":{"start":{"line":48,"column":0},"end":{"line":48,"column":null}},"17":{"start":{"line":49,"column":0},"end":{"line":53,"column":null}},"18":{"start":{"line":50,"column":0},"end":{"line":50,"column":null}},"19":{"start":{"line":51,"column":0},"end":{"line":51,"column":null}},"20":{"start":{"line":52,"column":0},"end":{"line":52,"column":null}},"21":{"start":{"line":54,"column":0},"end":{"line":54,"column":null}},"22":{"start":{"line":55,"column":0},"end":{"line":55,"column":null}},"23":{"start":{"line":56,"column":0},"end":{"line":56,"column":null}},"24":{"start":{"line":57,"column":0},"end":{"line":57,"column":null}},"25":{"start":{"line":59,"column":0},"end":{"line":59,"column":null}},"26":{"start":{"line":60,"column":0},"end":{"line":60,"column":null}},"27":{"start":{"line":64,"column":0},"end":{"line":64,"column":null}},"28":{"start":{"line":35,"column":0},"end":{"line":28,"column":null}},"29":{"start":{"line":32,"column":0},"end":{"line":32,"column":null}}},"fnMap":{"0":{"name":"(anonymous_2)","decl":{"start":{"line":35,"column":0},"end":{"line":35,"column":null}},"loc":{"start":{"line":35,"column":0},"end":{"line":66,"column":null}}},"1":{"name":"(anonymous_3)","decl":{"start":{"line":39,"column":0},"end":{"line":39,"column":null}},"loc":{"start":{"line":39,"column":0},"end":{"line":62,"column":null}}},"2":{"name":"(anonymous_4)","decl":{"start":{"line":63,"column":0},"end":{"line":63,"column":null}},"loc":{"start":{"line":63,"column":0},"end":{"line":65,"column":null}}},"3":{"name":"(anonymous_5)","decl":{"start":{"line":31,"column":0},"end":{"line":31,"column":null}},"loc":{"start":{"line":31,"column":0},"end":{"line":33,"column":null}}}},"branchMap":{"0":{"loc":{"start":{"line":42,"column":0},"end":{"line":45,"column":null}},"type":"if","locations":[{"start":{"line":42,"column":0},"end":{"line":45,"column":null}},{"start":{"line":42,"column":0},"end":{"line":45,"column":null}}]},"1":{"loc":{"start":{"line":49,"column":0},"end":{"line":53,"column":null}},"type":"if","locations":[{"start":{"line":49,"column":0},"end":{"line":53,"column":null}},{"start":{"line":49,"column":0},"end":{"line":53,"column":null}}]}},"s":{"0":0,"1":0,"2":0,"3":0,"4":0,"5":0,"6":0,"7":0,"8":0,"9":0,"10":0,"11":0,"12":0,"13":0,"14":0,"15":0,"16":0,"17":0,"18":0,"19":0,"20":0,"21":0,"22":0,"23":0,"24":0,"25":0,"26":0,"27":0,"28":0,"29":0},"f":{"0":0,"1":0,"2":0,"3":0},"b":{"0":[0,0],"1":[0,0]}}
,"C:\\Data\\typescript-template\\template\\pages\\notes\\index.vue": {"path":"C:\\Data\\typescript-template\\template\\pages\\notes\\index.vue","statementMap":{"0":{"start":{"line":52,"column":0},"end":{"line":52,"column":null}},"1":{"start":{"line":54,"column":0},"end":{"line":54,"column":null}},"2":{"start":{"line":78,"column":0},"end":{"line":78,"column":null}},"3":{"start":{"line":79,"column":0},"end":{"line":79,"column":null}},"4":{"start":{"line":80,"column":0},"end":{"line":80,"column":null}},"5":{"start":{"line":81,"column":0},"end":{"line":81,"column":null}},"6":{"start":{"line":83,"column":0},"end":{"line":83,"column":null}},"7":{"start":{"line":97,"column":0},"end":{"line":97,"column":null}},"8":{"start":{"line":99,"column":0},"end":{"line":99,"column":null}},"9":{"start":{"line":103,"column":0},"end":{"line":103,"column":null}},"10":{"start":{"line":104,"column":0},"end":{"line":104,"column":null}},"11":{"start":{"line":105,"column":0},"end":{"line":105,"column":null}},"12":{"start":{"line":111,"column":0},"end":{"line":111,"column":null}},"13":{"start":{"line":114,"column":0},"end":{"line":114,"column":null}},"14":{"start":{"line":117,"column":0},"end":{"line":117,"column":null}},"15":{"start":{"line":120,"column":0},"end":{"line":120,"column":null}},"16":{"start":{"line":124,"column":0},"end":{"line":124,"column":null}},"17":{"start":{"line":127,"column":0},"end":{"line":127,"column":null}},"18":{"start":{"line":130,"column":0},"end":{"line":130,"column":null}},"19":{"start":{"line":134,"column":0},"end":{"line":134,"column":null}},"20":{"start":{"line":97,"column":0},"end":{"line":85,"column":null}},"21":{"start":{"line":89,"column":0},"end":{"line":89,"column":null}},"22":{"start":{"line":90,"column":0},"end":{"line":90,"column":null}},"23":{"start":{"line":91,"column":0},"end":{"line":91,"column":null}},"24":{"start":{"line":92,"column":0},"end":{"line":92,"column":null}},"25":{"start":{"line":94,"column":0},"end":{"line":94,"column":null}}},"fnMap":{"0":{"name":"(anonymous_2)","decl":{"start":{"line":98,"column":0},"end":{"line":98,"column":null}},"loc":{"start":{"line":98,"column":0},"end":{"line":100,"column":null}}},"1":{"name":"(anonymous_3)","decl":{"start":{"line":101,"column":0},"end":{"line":101,"column":null}},"loc":{"start":{"line":101,"column":0},"end":{"line":106,"column":null}}},"2":{"name":"(anonymous_4)","decl":{"start":{"line":109,"column":0},"end":{"line":109,"column":null}},"loc":{"start":{"line":109,"column":0},"end":{"line":112,"column":null}}},"3":{"name":"(anonymous_5)","decl":{"start":{"line":113,"column":0},"end":{"line":113,"column":null}},"loc":{"start":{"line":113,"column":0},"end":{"line":115,"column":null}}},"4":{"name":"(anonymous_6)","decl":{"start":{"line":116,"column":0},"end":{"line":116,"column":null}},"loc":{"start":{"line":116,"column":0},"end":{"line":118,"column":null}}},"5":{"name":"(anonymous_7)","decl":{"start":{"line":119,"column":0},"end":{"line":119,"column":null}},"loc":{"start":{"line":119,"column":0},"end":{"line":121,"column":null}}},"6":{"name":"(anonymous_8)","decl":{"start":{"line":123,"column":0},"end":{"line":123,"column":null}},"loc":{"start":{"line":123,"column":0},"end":{"line":125,"column":null}}},"7":{"name":"(anonymous_9)","decl":{"start":{"line":126,"column":0},"end":{"line":126,"column":null}},"loc":{"start":{"line":126,"column":0},"end":{"line":128,"column":null}}},"8":{"name":"(anonymous_10)","decl":{"start":{"line":129,"column":0},"end":{"line":129,"column":null}},"loc":{"start":{"line":129,"column":0},"end":{"line":131,"column":null}}},"9":{"name":"(anonymous_11)","decl":{"start":{"line":133,"column":0},"end":{"line":133,"column":null}},"loc":{"start":{"line":133,"column":0},"end":{"line":135,"column":null}}},"10":{"name":"(anonymous_12)","decl":{"start":{"line":88,"column":0},"end":{"line":88,"column":null}},"loc":{"start":{"line":88,"column":0},"end":{"line":95,"column":null}}}},"branchMap":{"0":{"loc":{"start":{"line":99,"column":0},"end":{"line":99,"column":null}},"type":"binary-expr","locations":[{"start":{"line":99,"column":0},"end":{"line":99,"column":null}},{"start":{"line":99,"column":0},"end":{"line":99,"column":null}}]},"1":{"loc":{"start":{"line":114,"column":0},"end":{"line":114,"column":null}},"type":"binary-expr","locations":[{"start":{"line":114,"column":0},"end":{"line":114,"column":null}},{"start":{"line":114,"column":0},"end":{"line":114,"column":null}}]}},"s":{"0":0,"1":0,"2":0,"3":0,"4":0,"5":0,"6":0,"7":0,"8":0,"9":0,"10":0,"11":0,"12":0,"13":0,"14":0,"15":0,"16":0,"17":0,"18":0,"19":0,"20":0,"21":0,"22":0,"23":0,"24":0,"25":0},"f":{"0":0,"1":0,"2":0,"3":0,"4":0,"5":0,"6":0,"7":0,"8":0,"9":0,"10":0},"b":{"0":[0,0],"1":[0,0]}}
,"C:\\Data\\typescript-template\\template\\plugins\\aos.ts": {"path":"C:\\Data\\typescript-template\\template\\plugins\\aos.ts","statementMap":{"0":{"start":{"line":1,"column":0},"end":{"line":1,"column":21}},"1":{"start":{"line":2,"column":0},"end":{"line":2,"column":25}},"2":{"start":{"line":3,"column":0},"end":{"line":3,"column":25}},"3":{"start":{"line":5,"column":18},"end":{"line":9,"column":1}},"4":{"start":{"line":6,"column":2},"end":{"line":8,"column":5}},"5":{"start":{"line":11,"column":0},"end":{"line":11,"column":null}},"6":{"start":{"line":13,"column":0},"end":{"line":15,"column":null}},"7":{"start":{"line":14,"column":2},"end":{"line":14,"column":null}}},"fnMap":{"0":{"name":"(anonymous_0)","decl":{"start":{"line":5,"column":18},"end":{"line":5,"column":19}},"loc":{"start":{"line":5,"column":30},"end":{"line":9,"column":1}}},"1":{"name":"(anonymous_1)","decl":{"start":{"line":14,"column":21},"end":{"line":14,"column":24}},"loc":{"start":{"line":14,"column":26},"end":{"line":14,"column":29}}}},"branchMap":{"0":{"loc":{"start":{"line":13,"column":0},"end":{"line":15,"column":null}},"type":"if","locations":[{"start":{"line":13,"column":0},"end":{"line":15,"column":null}},{"start":{"line":13,"column":0},"end":{"line":15,"column":null}}]}},"s":{"0":0,"1":0,"2":0,"3":0,"4":0,"5":0,"6":0,"7":0},"f":{"0":0,"1":0},"b":{"0":[0,0]}}
,"C:\\Data\\typescript-template\\template\\plugins\\client_runtime.ts": {"path":"C:\\Data\\typescript-template\\template\\plugins\\client_runtime.ts","statementMap":{"0":{"start":{"line":1,"column":0},"end":{"line":1,"column":22}},"1":{"start":{"line":2,"column":0},"end":{"line":7,"column":null}},"2":{"start":{"line":4,"column":4},"end":{"line":6,"column":null}}},"fnMap":{"0":{"name":"(anonymous_0)","decl":{"start":{"line":4,"column":23},"end":{"line":4,"column":26}},"loc":{"start":{"line":4,"column":28},"end":{"line":6,"column":5}}}},"branchMap":{"0":{"loc":{"start":{"line":2,"column":0},"end":{"line":7,"column":null}},"type":"if","locations":[{"start":{"line":2,"column":0},"end":{"line":7,"column":null}},{"start":{"line":2,"column":0},"end":{"line":7,"column":null}}]}},"s":{"0":0,"1":0,"2":0},"f":{"0":0},"b":{"0":[0,0]}}
,"C:\\Data\\typescript-template\\template\\plugins\\fireauth.ts": {"path":"C:\\Data\\typescript-template\\template\\plugins\\fireauth.ts","statementMap":{"0":{"start":{"line":1,"column":0},"end":{"line":1,"column":50}},"1":{"start":{"line":4,"column":0},"end":{"line":4,"column":36}},"2":{"start":{"line":5,"column":0},"end":{"line":11,"column":2}},"3":{"start":{"line":6,"column":2},"end":{"line":10,"column":5}},"4":{"start":{"line":7,"column":4},"end":{"line":9,"column":null}},"5":{"start":{"line":8,"column":6},"end":{"line":8,"column":57}}},"fnMap":{"0":{"name":"(anonymous_0)","decl":{"start":{"line":5,"column":15},"end":{"line":5,"column":20}},"loc":{"start":{"line":5,"column":42},"end":{"line":11,"column":1}}},"1":{"name":"(anonymous_1)","decl":{"start":{"line":6,"column":40},"end":{"line":6,"column":45}},"loc":{"start":{"line":6,"column":69},"end":{"line":10,"column":3}}}},"branchMap":{"0":{"loc":{"start":{"line":7,"column":4},"end":{"line":9,"column":null}},"type":"if","locations":[{"start":{"line":7,"column":4},"end":{"line":9,"column":null}},{"start":{"line":7,"column":4},"end":{"line":9,"column":null}}]}},"s":{"0":0,"1":0,"2":0,"3":0,"4":0,"5":0},"f":{"0":0,"1":0},"b":{"0":[0,0]}}
,"C:\\Data\\typescript-template\\template\\plugins\\firebase.ts": {"path":"C:\\Data\\typescript-template\\template\\plugins\\firebase.ts","statementMap":{"0":{"start":{"line":1,"column":0},"end":{"line":1,"column":36}},"1":{"start":{"line":2,"column":0},"end":{"line":2,"column":23}},"2":{"start":{"line":4,"column":0},"end":{"line":4,"column":42}},"3":{"start":{"line":7,"column":0},"end":{"line":7,"column":97}},"4":{"start":{"line":8,"column":28},"end":{"line":8,"column":62}},"5":{"start":{"line":9,"column":13},"end":{"line":9,"column":60}},"6":{"start":{"line":10,"column":13},"end":{"line":10,"column":46}}},"fnMap":{},"branchMap":{"0":{"loc":{"start":{"line":7,"column":40},"end":{"line":7,"column":78}},"type":"cond-expr","locations":[{"start":{"line":7,"column":40},"end":{"line":7,"column":78}},{"start":{"line":7,"column":81},"end":{"line":7,"column":95}}]}},"s":{"0":0,"1":0,"2":0,"3":0,"4":0,"5":0,"6":0},"f":{},"b":{"0":[0,0]}}
,"C:\\Data\\typescript-template\\template\\plugins\\firebaseStorage.ts": {"path":"C:\\Data\\typescript-template\\template\\plugins\\firebaseStorage.ts","statementMap":{"0":{"start":{"line":1,"column":0},"end":{"line":1,"column":34}},"1":{"start":{"line":2,"column":0},"end":{"line":2,"column":26}},"2":{"start":{"line":4,"column":16},"end":{"line":4,"column":34}},"3":{"start":{"line":6,"column":0},"end":{"line":6,"column":23}}},"fnMap":{},"branchMap":{},"s":{"0":0,"1":0,"2":0,"3":0},"f":{},"b":{}}
,"C:\\Data\\typescript-template\\template\\plugins\\firestore.ts": {"path":"C:\\Data\\typescript-template\\template\\plugins\\firestore.ts","statementMap":{"0":{"start":{"line":1,"column":0},"end":{"line":1,"column":34}},"1":{"start":{"line":2,"column":0},"end":{"line":2,"column":28}},"2":{"start":{"line":4,"column":18},"end":{"line":4,"column":38}},"3":{"start":{"line":6,"column":0},"end":{"line":6,"column":25}}},"fnMap":{},"branchMap":{},"s":{"0":0,"1":0,"2":0,"3":0},"f":{},"b":{}}
,"C:\\Data\\typescript-template\\template\\plugins\\globalComponents.ts": {"path":"C:\\Data\\typescript-template\\template\\plugins\\globalComponents.ts","statementMap":{"0":{"start":{"line":1,"column":0},"end":{"line":1,"column":22}},"1":{"start":{"line":3,"column":0},"end":{"line":3,"column":45}},"2":{"start":{"line":5,"column":0},"end":{"line":5,"column":32}}},"fnMap":{},"branchMap":{},"s":{"0":0,"1":0,"2":0},"f":{},"b":{}}
,"C:\\Data\\typescript-template\\template\\plugins\\vue-video-player.ts": {"path":"C:\\Data\\typescript-template\\template\\plugins\\vue-video-player.ts","statementMap":{"0":{"start":{"line":1,"column":0},"end":{"line":1,"column":21}},"1":{"start":{"line":2,"column":0},"end":{"line":2,"column":53}},"2":{"start":{"line":3,"column":23},"end":{"line":3,"column":59}},"3":{"start":{"line":4,"column":21},"end":{"line":4,"column":59}},"4":{"start":{"line":6,"column":0},"end":{"line":6,"column":41}},"5":{"start":{"line":7,"column":0},"end":{"line":7,"column":24}},"6":{"start":{"line":8,"column":0},"end":{"line":8,"column":26}},"7":{"start":{"line":9,"column":13},"end":{"line":15,"column":1}},"8":{"start":{"line":10,"column":4},"end":{"line":10,"column":27}},"9":{"start":{"line":11,"column":15},"end":{"line":11,"column":44}},"10":{"start":{"line":12,"column":4},"end":{"line":12,"column":26}},"11":{"start":{"line":13,"column":18},"end":{"line":13,"column":34}},"12":{"start":{"line":14,"column":4},"end":{"line":14,"column":82}},"13":{"start":{"line":17,"column":0},"end":{"line":17,"column":31}},"14":{"start":{"line":19,"column":0},"end":{"line":19,"column":null}},"15":{"start":{"line":28,"column":0},"end":{"line":28,"column":35}},"16":{"start":{"line":29,"column":0},"end":{"line":29,"column":43}},"17":{"start":{"line":30,"column":0},"end":{"line":30,"column":45}},"18":{"start":{"line":31,"column":0},"end":{"line":31,"column":39}},"19":{"start":{"line":32,"column":0},"end":{"line":32,"column":49}},"20":{"start":{"line":33,"column":0},"end":{"line":33,"column":47}}},"fnMap":{"0":{"name":"(anonymous_0)","decl":{"start":{"line":9,"column":13},"end":{"line":9,"column":22}},"loc":{"start":{"line":9,"column":68},"end":{"line":15,"column":1}}}},"branchMap":{"0":{"loc":{"start":{"line":10,"column":12},"end":{"line":10,"column":17}},"type":"binary-expr","locations":[{"start":{"line":10,"column":12},"end":{"line":10,"column":17}},{"start":{"line":10,"column":21},"end":{"line":10,"column":26}}]},"1":{"loc":{"start":{"line":14,"column":38},"end":{"line":14,"column":71}},"type":"cond-expr","locations":[{"start":{"line":14,"column":38},"end":{"line":14,"column":71}},{"start":{"line":14,"column":74},"end":{"line":14,"column":81}}]}},"s":{"0":0,"1":0,"2":0,"3":0,"4":0,"5":0,"6":0,"7":0,"8":0,"9":0,"10":0,"11":0,"12":0,"13":0,"14":0,"15":0,"16":0,"17":0,"18":0,"19":0,"20":0},"f":{"0":0},"b":{"0":[0,0],"1":[0,0]}}
,"C:\\Data\\typescript-template\\template\\plugins\\vuesax.ts": {"path":"C:\\Data\\typescript-template\\template\\plugins\\vuesax.ts","statementMap":{"0":{"start":{"line":1,"column":0},"end":{"line":1,"column":21}},"1":{"start":{"line":2,"column":0},"end":{"line":2,"column":28}},"2":{"start":{"line":3,"column":0},"end":{"line":3,"column":31}},"3":{"start":{"line":4,"column":0},"end":{"line":4,"column":47}},"4":{"start":{"line":10,"column":0},"end":{"line":10,"column":16}}},"fnMap":{},"branchMap":{},"s":{"0":0,"1":0,"2":0,"3":0,"4":0},"f":{},"b":{}}
[...]
,"C:\\Data\\typescript-template\\template\\store\\suggestions.ts": {"path":"C:\\Data\\typescript-template\\template\\store\\suggestions.ts","statementMap":{"0":{"start":{"line":1,"column":0},"end":{"line":1,"column":null}},"1":{"start":{"line":8,"column":0},"end":{"line":8,"column":43}},"2":{"start":{"line":10,"column":0},"end":{"line":10,"column":47}},"3":{"start":{"line":11,"column":0},"end":{"line":11,"column":35}},"4":{"start":{"line":13,"column":0},"end":{"line":13,"column":64}},"5":{"start":{"line":14,"column":0},"end":{"line":14,"column":41}},"6":{"start":{"line":18,"column":0},"end":{"line":185,"column":null}},"7":{"start":{"line":19,"column":2},"end":{"line":19,"column":null}},"8":{"start":{"line":20,"column":2},"end":{"line":20,"column":null}},"9":{"start":{"line":21,"column":2},"end":{"line":21,"column":null}},"10":{"start":{"line":22,"column":4},"end":{"line":22,"column":40}},"11":{"start":{"line":23,"column":2},"end":{"line":23,"column":null}},"12":{"start":{"line":24,"column":2},"end":{"line":24,"column":null}},"13":{"start":{"line":27,"column":4},"end":{"line":30,"column":null}},"14":{"start":{"line":35,"column":4},"end":{"line":47,"column":null}},"15":{"start":{"line":36,"column":20},"end":{"line":39,"column":36}},"16":{"start":{"line":40,"column":16},"end":{"line":40,"column":33}},"17":{"start":{"line":41,"column":26},"end":{"line":42,"column":null}},"18":{"start":{"line":42,"column":19},"end":{"line":42,"column":75}},"19":{"start":{"line":44,"column":6},"end":{"line":44,"column":null}},"20":{"start":{"line":46,"column":6},"end":{"line":46,"column":null}},"21":{"start":{"line":48,"column":4},"end":{"line":48,"column":11}},"22":{"start":{"line":52,"column":4},"end":{"line":52,"column":null}},"23":{"start":{"line":57,"column":4},"end":{"line":57,"column":null}},"24":{"start":{"line":62,"column":4},"end":{"line":62,"column":null}},"25":{"start":{"line":67,"column":16},"end":{"line":67,"column":59}},"26":{"start":{"line":68,"column":28},"end":{"line":68,"column":89}},"27":{"start":{"line":68,"column":64},"end":{"line":68,"column":87}},"28":{"start":{"line":69,"column":4},"end":{"line":75,"column":null}},"29":{"start":{"line":70,"column":6},"end":{"line":70,"column":null}},"30":{"start":{"line":71,"column":6},"end":{"line":71,"column":50}},"31":{"start":{"line":73,"column":6},"end":{"line":73,"column":45}},"32":{"start":{"line":74,"column":6},"end":{"line":74,"column":104}},"33":{"start":{"line":79,"column":4},"end":{"line":102,"column":null}},"34":{"start":{"line":80,"column":25},"end":{"line":85,"column":10}},"35":{"start":{"line":86,"column":33},"end":{"line":88,"column":10}},"36":{"start":{"line":89,"column":8},"end":{"line":89,"column":58}},"37":{"start":{"line":92,"column":27},"end":{"line":97,"column":10}},"38":{"start":{"line":98,"column":33},"end":{"line":100,"column":10}},"39":{"start":{"line":101,"column":8},"end":{"line":101,"column":58}},"40":{"start":{"line":103,"column":4},"end":{"line":103,"column":37}},"41":{"start":{"line":104,"column":4},"end":{"line":104,"column":11}},"42":{"start":{"line":109,"column":4},"end":{"line":109,"column":23}},"43":{"start":{"line":110,"column":4},"end":{"line":110,"column":27}},"44":{"start":{"line":111,"column":4},"end":{"line":111,"column":41}},"45":{"start":{"line":116,"column":4},"end":{"line":116,"column":47}},"46":{"start":{"line":116,"column":40},"end":{"line":116,"column":47}},"47":{"start":{"line":117,"column":4},"end":{"line":124,"column":null}},"48":{"start":{"line":119,"column":12},"end":{"line":119,"column":null}},"49":{"start":{"line":120,"column":12},"end":{"line":120,"column":18}},"50":{"start":{"line":122,"column":12},"end":{"line":122,"column":null}},"51":{"start":{"line":123,"column":12},"end":{"line":123,"column":18}},"52":{"start":{"line":126,"column":4},"end":{"line":126,"column":39}},"53":{"start":{"line":130,"column":4},"end":{"line":130,"column":null}},"54":{"start":{"line":131,"column":19},"end":{"line":131,"column":38}},"55":{"start":{"line":132,"column":4},"end":{"line":132,"column":null}},"56":{"start":{"line":133,"column":4},"end":{"line":133,"column":23}},"57":{"start":{"line":133,"column":17},"end":{"line":133,"column":23}},"58":{"start":{"line":134,"column":17},"end":{"line":134,"column":70}},"59":{"start":{"line":136,"column":21},"end":{"line":136,"column":32}},"60":{"start":{"line":137,"column":4},"end":{"line":137,"column":null}},"61":{"start":{"line":138,"column":29},"end":{"line":138,"column":58}},"62":{"start":{"line":140,"column":4},"end":{"line":140,"column":null}},"63":{"start":{"line":141,"column":4},"end":{"line":143,"column":null}},"64":{"start":{"line":142,"column":6},"end":{"line":142,"column":null}},"65":{"start":{"line":148,"column":4},"end":{"line":159,"column":null}},"66":{"start":{"line":149,"column":6},"end":{"line":151,"column":null}},"67":{"start":{"line":150,"column":8},"end":{"line":150,"column":14}},"68":{"start":{"line":152,"column":6},"end":{"line":152,"column":null}},"69":{"start":{"line":154,"column":30},"end":{"line":154,"column":66}},"70":{"start":{"line":155,"column":6},"end":{"line":155,"column":null}},"71":{"start":{"line":156,"column":6},"end":{"line":156,"column":null}},"72":{"start":{"line":158,"column":6},"end":{"line":158,"column":null}},"73":{"start":{"line":170,"column":22},"end":{"line":170,"column":32}},"74":{"start":{"line":171,"column":33},"end":{"line":171,"column":48}},"75":{"start":{"line":173,"column":20},"end":{"line":180,"column":6}},"76":{"start":{"line":181,"column":19},"end":{"line":183,"column":32}},"77":{"start":{"line":34,"column":2},"end":{"line":49,"column":null}},"78":{"start":{"line":51,"column":2},"end":{"line":53,"column":null}},"79":{"start":{"line":56,"column":2},"end":{"line":58,"column":null}},"80":{"start":{"line":61,"column":2},"end":{"line":63,"column":null}},"81":{"start":{"line":66,"column":2},"end":{"line":76,"column":null}},"82":{"start":{"line":78,"column":2},"end":{"line":105,"column":null}},"83":{"start":{"line":107,"column":2},"end":{"line":112,"column":null}},"84":{"start":{"line":114,"column":2},"end":{"line":127,"column":null}},"85":{"start":{"line":129,"column":2},"end":{"line":144,"column":null}},"86":{"start":{"line":147,"column":2},"end":{"line":160,"column":null}},"87":{"start":{"line":163,"column":2},"end":{"line":184,"column":null}},"88":{"start":{"line":18,"column":21},"end":{"line":185,"column":null}},"89":{"start":{"line":18,"column":21},"end":{"line":18,"column":39}}},"fnMap":{"0":{"name":"(anonymous_0)","decl":{"start":{"line":18,"column":0},"end":{"line":18,"column":21}},"loc":{"start":{"line":18,"column":0},"end":{"line":185,"column":1}}},"1":{"name":"(anonymous_1)","decl":{"start":{"line":26,"column":2},"end":{"line":26,"column":6}},"loc":{"start":{"line":26,"column":14},"end":{"line":31,"column":3}}},"2":{"name":"(anonymous_2)","decl":{"start":{"line":34,"column":9},"end":{"line":34,"column":14}},"loc":{"start":{"line":34,"column":29},"end":{"line":49,"column":3}}},"3":{"name":"(anonymous_3)","decl":{"start":{"line":42,"column":8},"end":{"line":42,"column":9}},"loc":{"start":{"line":42,"column":19},"end":{"line":42,"column":75}}},"4":{"name":"(anonymous_4)","decl":{"start":{"line":51,"column":10},"end":{"line":51,"column":25}},"loc":{"start":{"line":51,"column":72},"end":{"line":53,"column":3}}},"5":{"name":"(anonymous_5)","decl":{"start":{"line":56,"column":10},"end":{"line":56,"column":23}},"loc":{"start":{"line":56,"column":36},"end":{"line":58,"column":3}}},"6":{"name":"(anonymous_6)","decl":{"start":{"line":61,"column":10},"end":{"line":61,"column":31}},"loc":{"start":{"line":61,"column":58},"end":{"line":63,"column":3}}},"7":{"name":"(anonymous_7)","decl":{"start":{"line":66,"column":10},"end":{"line":66,"column":33}},"loc":{"start":{"line":66,"column":54},"end":{"line":76,"column":3}}},"8":{"name":"(anonymous_8)","decl":{"start":{"line":68,"column":55},"end":{"line":68,"column":56}},"loc":{"start":{"line":68,"column":64},"end":{"line":68,"column":87}}},"9":{"name":"(anonymous_9)","decl":{"start":{"line":78,"column":9},"end":{"line":78,"column":14}},"loc":{"start":{"line":78,"column":47},"end":{"line":105,"column":3}}},"10":{"name":"(anonymous_10)","decl":{"start":{"line":107,"column":10},"end":{"line":107,"column":21}},"loc":{"start":{"line":107,"column":99},"end":{"line":112,"column":3}}},"11":{"name":"(anonymous_11)","decl":{"start":{"line":114,"column":9},"end":{"line":114,"column":14}},"loc":{"start":{"line":114,"column":57},"end":{"line":127,"column":3}}},"12":{"name":"(anonymous_12)","decl":{"start":{"line":129,"column":9},"end":{"line":129,"column":14}},"loc":{"start":{"line":129,"column":34},"end":{"line":144,"column":3}}},"13":{"name":"(anonymous_13)","decl":{"start":{"line":147,"column":9},"end":{"line":147,"column":14}},"loc":{"start":{"line":147,"column":26},"end":{"line":160,"column":3}}},"14":{"name":"(anonymous_14)","decl":{"start":{"line":163,"column":9},"end":{"line":163,"column":14}},"loc":{"start":{"line":169,"column":3},"end":{"line":184,"column":3}}}},"branchMap":{"0":{"loc":{"start":{"line":69,"column":4},"end":{"line":75,"column":null}},"type":"if","locations":[{"start":{"line":69,"column":4},"end":{"line":75,"column":null}},{"start":{"line":69,"column":4},"end":{"line":75,"column":null}}]},"1":{"loc":{"start":{"line":74,"column":55},"end":{"line":74,"column":98}},"type":"cond-expr","locations":[{"start":{"line":74,"column":55},"end":{"line":74,"column":98}},{"start":{"line":74,"column":101},"end":{"line":74,"column":103}}]},"2":{"loc":{"start":{"line":79,"column":4},"end":{"line":102,"column":null}},"type":"if","locations":[{"start":{"line":79,"column":4},"end":{"line":102,"column":null}},{"start":{"line":79,"column":4},"end":{"line":102,"column":null}}]},"3":{"loc":{"start":{"line":116,"column":4},"end":{"line":116,"column":47}},"type":"if","locations":[{"start":{"line":116,"column":4},"end":{"line":116,"column":47}},{"start":{"line":116,"column":4},"end":{"line":116,"column":47}}]},"4":{"loc":{"start":{"line":116,"column":7},"end":{"line":116,"column":27}},"type":"binary-expr","locations":[{"start":{"line":116,"column":7},"end":{"line":116,"column":27}},{"start":{"line":116,"column":31},"end":{"line":116,"column":38}}]},"5":{"loc":{"start":{"line":118,"column":8},"end":{"line":120,"column":18}},"type":"switch","locations":[{"start":{"line":118,"column":8},"end":{"line":120,"column":18}},{"start":{"line":121,"column":8},"end":{"line":123,"column":18}}]},"6":{"loc":{"start":{"line":133,"column":4},"end":{"line":133,"column":23}},"type":"if","locations":[{"start":{"line":133,"column":4},"end":{"line":133,"column":23}},{"start":{"line":133,"column":4},"end":{"line":133,"column":23}}]},"7":{"loc":{"start":{"line":141,"column":4},"end":{"line":143,"column":null}},"type":"if","locations":[{"start":{"line":141,"column":4},"end":{"line":143,"column":null}},{"start":{"line":141,"column":4},"end":{"line":143,"column":null}}]},"8":{"loc":{"start":{"line":149,"column":6},"end":{"line":151,"column":null}},"type":"if","locations":[{"start":{"line":149,"column":6},"end":{"line":151,"column":null}},{"start":{"line":149,"column":6},"end":{"line":151,"column":null}}]}},"s":{"0":0,"1":0,"2":0,"3":0,"4":0,"5":0,"6":0,"7":0,"8":0,"9":0,"10":0,"11":0,"12":0,"13":0,"14":0,"15":0,"16":0,"17":0,"18":0,"19":0,"20":0,"21":0,"22":0,"23":0,"24":0,"25":0,"26":0,"27":0,"28":0,"29":0,"30":0,"31":0,"32":0,"33":0,"34":0,"35":0,"36":0,"37":0,"38":0,"39":0,"40":0,"41":0,"42":0,"43":0,"44":0,"45":0,"46":0,"47":0,"48":0,"49":0,"50":0,"51":0,"52":0,"53":0,"54":0,"55":0,"56":0,"57":0,"58":0,"59":0,"60":0,"61":0,"62":0,"63":0,"64":0,"65":0,"66":0,"67":0,"68":0,"69":0,"70":0,"71":0,"72":0,"73":0,"74":0,"75":0,"76":0,"77":0,"78":0,"79":0,"80":0,"81":0,"82":0,"83":0,"84":0,"85":0,"86":0,"87":0,"88":0,"89":0},"f":{"0":0,"1":0,"2":0,"3":0,"4":0,"5":0,"6":0,"7":0,"8":0,"9":0,"10":0,"11":0,"12":0,"13":0,"14":0},"b":{"0":[0,0],"1":[0,0],"2":[0,0],"3":[0,0],"4":[0,0],"5":[0,0],"6":[0,0],"7":[0,0],"8":[0,0]}}
,"C:\\Data\\typescript-template\\template\\store\\window.ts": {"path":"C:\\Data\\typescript-template\\template\\store\\window.ts","statementMap":{"0":{"start":{"line":1,"column":0},"end":{"line":1,"column":96}},"1":{"start":{"line":5,"column":0},"end":{"line":92,"column":null}},"2":{"start":{"line":6,"column":4},"end":{"line":6,"column":null}},"3":{"start":{"line":7,"column":4},"end":{"line":7,"column":20}},"4":{"start":{"line":9,"column":4},"end":{"line":9,"column":26}},"5":{"start":{"line":10,"column":4},"end":{"line":10,"column":29}},"6":{"start":{"line":12,"column":13},"end":{"line":12,"column":54}},"7":{"start":{"line":18,"column":8},"end":{"line":18,"column":37}},"8":{"start":{"line":19,"column":8},"end":{"line":19,"column":35}},"9":{"start":{"line":25,"column":8},"end":{"line":25,"column":36}},"10":{"start":{"line":31,"column":8},"end":{"line":31,"column":34}},"11":{"start":{"line":38,"column":8},"end":{"line":38,"column":37}},"12":{"start":{"line":44,"column":8},"end":{"line":44,"column":37}},"13":{"start":{"line":49,"column":4},"end":{"line":52,"column":null}},"14":{"start":{"line":57,"column":8},"end":{"line":57,"column":67}},"15":{"start":{"line":62,"column":8},"end":{"line":62,"column":52}},"16":{"start":{"line":66,"column":8},"end":{"line":66,"column":84}},"17":{"start":{"line":71,"column":8},"end":{"line":71,"column":65}},"18":{"start":{"line":71,"column":37},"end":{"line":71,"column":64}},"19":{"start":{"line":75,"column":8},"end":{"line":75,"column":64}},"20":{"start":{"line":75,"column":37},"end":{"line":75,"column":63}},"21":{"start":{"line":80,"column":8},"end":{"line":80,"column":38}},"22":{"start":{"line":85,"column":8},"end":{"line":85,"column":40}},"23":{"start":{"line":89,"column":8},"end":{"line":89,"column":57}},"24":{"start":{"line":16,"column":4},"end":{"line":20,"column":null}},"25":{"start":{"line":23,"column":4},"end":{"line":26,"column":null}},"26":{"start":{"line":29,"column":4},"end":{"line":32,"column":null}},"27":{"start":{"line":36,"column":4},"end":{"line":39,"column":null}},"28":{"start":{"line":42,"column":4},"end":{"line":45,"column":null}},"29":{"start":{"line":48,"column":4},"end":{"line":53,"column":null}},"30":{"start":{"line":5,"column":21},"end":{"line":92,"column":null}},"31":{"start":{"line":5,"column":21},"end":{"line":5,"column":34}}},"fnMap":{"0":{"name":"(anonymous_0)","decl":{"start":{"line":5,"column":0},"end":{"line":5,"column":21}},"loc":{"start":{"line":5,"column":0},"end":{"line":92,"column":1}}},"1":{"name":"(anonymous_1)","decl":{"start":{"line":16,"column":12},"end":{"line":16,"column":30}},"loc":{"start":{"line":16,"column":69},"end":{"line":20,"column":5}}},"2":{"name":"(anonymous_2)","decl":{"start":{"line":23,"column":11},"end":{"line":23,"column":26}},"loc":{"start":{"line":23,"column":41},"end":{"line":26,"column":5}}},"3":{"name":"(anonymous_3)","decl":{"start":{"line":29,"column":12},"end":{"line":29,"column":28}},"loc":{"start":{"line":29,"column":43},"end":{"line":32,"column":5}}},"4":{"name":"(anonymous_4)","decl":{"start":{"line":36,"column":11},"end":{"line":36,"column":24}},"loc":{"start":{"line":36,"column":39},"end":{"line":39,"column":5}}},"5":{"name":"(anonymous_5)","decl":{"start":{"line":42,"column":12},"end":{"line":42,"column":29}},"loc":{"start":{"line":42,"column":44},"end":{"line":45,"column":5}}},"6":{"name":"(anonymous_6)","decl":{"start":{"line":48,"column":11},"end":{"line":48,"column":23}},"loc":{"start":{"line":48,"column":23},"end":{"line":53,"column":5}}},"7":{"name":"(anonymous_7)","decl":{"start":{"line":55,"column":4},"end":{"line":55,"column":15}},"loc":{"start":{"line":55,"column":32},"end":{"line":58,"column":5}}},"8":{"name":"(anonymous_8)","decl":{"start":{"line":60,"column":4},"end":{"line":60,"column":15}},"loc":{"start":{"line":60,"column":32},"end":{"line":63,"column":5}}},"9":{"name":"(anonymous_9)","decl":{"start":{"line":64,"column":4},"end":{"line":64,"column":15}},"loc":{"start":{"line":64,"column":36},"end":{"line":67,"column":5}}},"10":{"name":"(anonymous_10)","decl":{"start":{"line":69,"column":4},"end":{"line":69,"column":8}},"loc":{"start":{"line":69,"column":21},"end":{"line":72,"column":5}}},"11":{"name":"(anonymous_11)","decl":{"start":{"line":71,"column":15},"end":{"line":71,"column":16}},"loc":{"start":{"line":71,"column":37},"end":{"line":71,"column":64}}},"12":{"name":"(anonymous_12)","decl":{"start":{"line":73,"column":4},"end":{"line":73,"column":8}},"loc":{"start":{"line":73,"column":20},"end":{"line":76,"column":5}}},"13":{"name":"(anonymous_13)","decl":{"start":{"line":75,"column":15},"end":{"line":75,"column":16}},"loc":{"start":{"line":75,"column":37},"end":{"line":75,"column":63}}},"14":{"name":"(anonymous_14)","decl":{"start":{"line":78,"column":4},"end":{"line":78,"column":15}},"loc":{"start":{"line":78,"column":28},"end":{"line":81,"column":5}}},"15":{"name":"(anonymous_15)","decl":{"start":{"line":83,"column":4},"end":{"line":83,"column":15}},"loc":{"start":{"line":83,"column":28},"end":{"line":86,"column":5}}},"16":{"name":"(anonymous_16)","decl":{"start":{"line":87,"column":4},"end":{"line":87,"column":15}},"loc":{"start":{"line":87,"column":26},"end":{"line":90,"column":5}}}},"branchMap":{"0":{"loc":{"start":{"line":66,"column":65},"end":{"line":66,"column":72}},"type":"cond-expr","locations":[{"start":{"line":66,"column":65},"end":{"line":66,"column":72}},{"start":{"line":66,"column":75},"end":{"line":66,"column":83}}]},"1":{"loc":{"start":{"line":89,"column":15},"end":{"line":89,"column":34}},"type":"binary-expr","locations":[{"start":{"line":89,"column":15},"end":{"line":89,"column":34}},{"start":{"line":89,"column":38},"end":{"line":89,"column":56}}]}},"s":{"0":0,"1":0,"2":0,"3":0,"4":0,"5":0,"6":0,"7":0,"8":0,"9":0,"10":0,"11":0,"12":0,"13":0,"14":0,"15":0,"16":0,"17":0,"18":0,"19":0,"20":0,"21":0,"22":0,"23":0,"24":0,"25":0,"26":0,"27":0,"28":0,"29":0,"30":0,"31":0},"f":{"0":0,"1":0,"2":0,"3":0,"4":0,"5":0,"6":0,"7":0,"8":0,"9":0,"10":0,"11":0,"12":0,"13":0,"14":0,"15":0,"16":0},"b":{"0":[0,0],"1":[0,0]}}
}
